{"C:\\MERN PROJECTS\\Stock Analysis\\stock-analysis---Frontend\\src\\App.jsx": {"path":"C:\\MERN PROJECTS\\Stock Analysis\\stock-analysis---Frontend\\src\\App.jsx","statementMap":{"0":{"start":{"line":28,"column":16},"end":{"line":28,"column":57}},"1":{"start":{"line":28,"column":39},"end":{"line":28,"column":56}},"2":{"start":{"line":29,"column":19},"end":{"line":29,"column":32}},"3":{"start":{"line":31,"column":22},"end":{"line":34,"column":3}},"4":{"start":{"line":32,"column":4},"end":{"line":32,"column":28}},"5":{"start":{"line":33,"column":4},"end":{"line":33,"column":78}},"6":{"start":{"line":36,"column":2},"end":{"line":43,"column":9}},"7":{"start":{"line":37,"column":4},"end":{"line":42,"column":7}},"8":{"start":{"line":45,"column":2},"end":{"line":53,"column":9}},"9":{"start":{"line":46,"column":24},"end":{"line":50,"column":5}},"10":{"start":{"line":47,"column":21},"end":{"line":47,"column":38}},"11":{"start":{"line":48,"column":6},"end":{"line":48,"column":49}},"12":{"start":{"line":49,"column":6},"end":{"line":49,"column":33}},"13":{"start":{"line":52,"column":4},"end":{"line":52,"column":18}},"14":{"start":{"line":55,"column":2},"end":{"line":65,"column":9}},"15":{"start":{"line":56,"column":32},"end":{"line":58,"column":5}},"16":{"start":{"line":57,"column":6},"end":{"line":57,"column":57}},"17":{"start":{"line":60,"column":4},"end":{"line":60,"column":60}},"18":{"start":{"line":62,"column":4},"end":{"line":64,"column":6}},"19":{"start":{"line":63,"column":6},"end":{"line":63,"column":65}},"20":{"start":{"line":67,"column":2},"end":{"line":158,"column":4}}},"fnMap":{"0":{"name":"App","decl":{"start":{"line":27,"column":9},"end":{"line":27,"column":12}},"loc":{"start":{"line":27,"column":15},"end":{"line":159,"column":1}},"line":27},"1":{"name":"(anonymous_1)","decl":{"start":{"line":28,"column":28},"end":{"line":28,"column":29}},"loc":{"start":{"line":28,"column":39},"end":{"line":28,"column":56}},"line":28},"2":{"name":"(anonymous_2)","decl":{"start":{"line":31,"column":22},"end":{"line":31,"column":23}},"loc":{"start":{"line":31,"column":28},"end":{"line":34,"column":3}},"line":31},"3":{"name":"(anonymous_3)","decl":{"start":{"line":36,"column":12},"end":{"line":36,"column":13}},"loc":{"start":{"line":36,"column":18},"end":{"line":43,"column":3}},"line":36},"4":{"name":"(anonymous_4)","decl":{"start":{"line":45,"column":12},"end":{"line":45,"column":13}},"loc":{"start":{"line":45,"column":18},"end":{"line":53,"column":3}},"line":45},"5":{"name":"(anonymous_5)","decl":{"start":{"line":46,"column":24},"end":{"line":46,"column":25}},"loc":{"start":{"line":46,"column":36},"end":{"line":50,"column":5}},"line":46},"6":{"name":"(anonymous_6)","decl":{"start":{"line":55,"column":12},"end":{"line":55,"column":13}},"loc":{"start":{"line":55,"column":18},"end":{"line":65,"column":3}},"line":55},"7":{"name":"(anonymous_7)","decl":{"start":{"line":56,"column":32},"end":{"line":56,"column":33}},"loc":{"start":{"line":56,"column":38},"end":{"line":58,"column":5}},"line":56},"8":{"name":"(anonymous_8)","decl":{"start":{"line":62,"column":11},"end":{"line":62,"column":12}},"loc":{"start":{"line":62,"column":17},"end":{"line":64,"column":5}},"line":62}},"branchMap":{"0":{"loc":{"start":{"line":33,"column":33},"end":{"line":33,"column":69}},"type":"cond-expr","locations":[{"start":{"line":33,"column":53},"end":{"line":33,"column":59}},{"start":{"line":33,"column":62},"end":{"line":33,"column":69}}],"line":33},"1":{"loc":{"start":{"line":57,"column":15},"end":{"line":57,"column":55}},"type":"binary-expr","locations":[{"start":{"line":57,"column":15},"end":{"line":57,"column":44}},{"start":{"line":57,"column":48},"end":{"line":57,"column":55}}],"line":57},"2":{"loc":{"start":{"line":70,"column":8},"end":{"line":70,"column":78}},"type":"cond-expr","locations":[{"start":{"line":70,"column":27},"end":{"line":70,"column":54}},{"start":{"line":70,"column":57},"end":{"line":70,"column":78}}],"line":70},"3":{"loc":{"start":{"line":75,"column":25},"end":{"line":75,"column":74}},"type":"cond-expr","locations":[{"start":{"line":75,"column":44},"end":{"line":75,"column":56}},{"start":{"line":75,"column":59},"end":{"line":75,"column":74}}],"line":75}},"s":{"0":0,"1":0,"2":0,"3":0,"4":0,"5":0,"6":0,"7":0,"8":0,"9":0,"10":0,"11":0,"12":0,"13":0,"14":0,"15":0,"16":0,"17":0,"18":0,"19":0,"20":0},"f":{"0":0,"1":0,"2":0,"3":0,"4":0,"5":0,"6":0,"7":0,"8":0},"b":{"0":[0,0],"1":[0,0],"2":[0,0],"3":[0,0]}}
,"C:\\MERN PROJECTS\\Stock Analysis\\stock-analysis---Frontend\\src\\main.jsx": {"path":"C:\\MERN PROJECTS\\Stock Analysis\\stock-analysis---Frontend\\src\\main.jsx","statementMap":{"0":{"start":{"line":9,"column":0},"end":{"line":15,"column":2}}},"fnMap":{},"branchMap":{},"s":{"0":0},"f":{},"b":{}}
,"C:\\MERN PROJECTS\\Stock Analysis\\stock-analysis---Frontend\\src\\apiManager\\stockApiManager.js": {"path":"C:\\MERN PROJECTS\\Stock Analysis\\stock-analysis---Frontend\\src\\apiManager\\stockApiManager.js","statementMap":{"0":{"start":{"line":4,"column":25},"end":{"line":20,"column":1}},"1":{"start":{"line":5,"column":2},"end":{"line":19,"column":3}},"2":{"start":{"line":6,"column":19},"end":{"line":6,"column":47}},"3":{"start":{"line":7,"column":21},"end":{"line":9,"column":6}},"4":{"start":{"line":12,"column":6},"end":{"line":14,"column":28}},"5":{"start":{"line":15,"column":4},"end":{"line":15,"column":53}},"6":{"start":{"line":16,"column":4},"end":{"line":16,"column":21}},"7":{"start":{"line":18,"column":4},"end":{"line":18,"column":51}},"8":{"start":{"line":22,"column":26},"end":{"line":42,"column":1}},"9":{"start":{"line":23,"column":2},"end":{"line":41,"column":3}},"10":{"start":{"line":24,"column":19},"end":{"line":24,"column":47}},"11":{"start":{"line":25,"column":4},"end":{"line":25,"column":37}},"12":{"start":{"line":26,"column":21},"end":{"line":28,"column":6}},"13":{"start":{"line":30,"column":4},"end":{"line":37,"column":5}},"14":{"start":{"line":32,"column":8},"end":{"line":34,"column":26}},"15":{"start":{"line":35,"column":6},"end":{"line":35,"column":46}},"16":{"start":{"line":36,"column":6},"end":{"line":36,"column":23}},"17":{"start":{"line":38,"column":4},"end":{"line":38,"column":16}},"18":{"start":{"line":40,"column":4},"end":{"line":40,"column":51}},"19":{"start":{"line":44,"column":27},"end":{"line":58,"column":1}},"20":{"start":{"line":45,"column":2},"end":{"line":57,"column":3}},"21":{"start":{"line":46,"column":19},"end":{"line":46,"column":47}},"22":{"start":{"line":47,"column":21},"end":{"line":53,"column":6}},"23":{"start":{"line":54,"column":4},"end":{"line":54,"column":20}},"24":{"start":{"line":56,"column":4},"end":{"line":56,"column":51}},"25":{"start":{"line":60,"column":27},"end":{"line":69,"column":1}},"26":{"start":{"line":61,"column":17},"end":{"line":61,"column":45}},"27":{"start":{"line":62,"column":19},"end":{"line":67,"column":4}},"28":{"start":{"line":68,"column":2},"end":{"line":68,"column":18}},"29":{"start":{"line":71,"column":27},"end":{"line":81,"column":1}},"30":{"start":{"line":72,"column":17},"end":{"line":72,"column":45}},"31":{"start":{"line":73,"column":19},"end":{"line":79,"column":4}},"32":{"start":{"line":80,"column":2},"end":{"line":80,"column":18}},"33":{"start":{"line":83,"column":21},"end":{"line":125,"column":1}},"34":{"start":{"line":84,"column":2},"end":{"line":124,"column":3}},"35":{"start":{"line":85,"column":19},"end":{"line":85,"column":47}},"36":{"start":{"line":86,"column":21},"end":{"line":91,"column":6}},"37":{"start":{"line":94,"column":4},"end":{"line":99,"column":5}},"38":{"start":{"line":95,"column":24},"end":{"line":95,"column":45}},"39":{"start":{"line":96,"column":6},"end":{"line":96,"column":68}},"40":{"start":{"line":97,"column":6},"end":{"line":97,"column":59}},"41":{"start":{"line":98,"column":6},"end":{"line":98,"column":13}},"42":{"start":{"line":102,"column":17},"end":{"line":102,"column":38}},"43":{"start":{"line":103,"column":4},"end":{"line":103,"column":41}},"44":{"start":{"line":106,"column":20},"end":{"line":106,"column":58}},"45":{"start":{"line":107,"column":16},"end":{"line":107,"column":51}},"46":{"start":{"line":110,"column":17},"end":{"line":110,"column":44}},"47":{"start":{"line":111,"column":4},"end":{"line":111,"column":20}},"48":{"start":{"line":112,"column":4},"end":{"line":112,"column":42}},"49":{"start":{"line":113,"column":4},"end":{"line":113,"column":77}},"50":{"start":{"line":114,"column":4},"end":{"line":114,"column":44}},"51":{"start":{"line":115,"column":4},"end":{"line":115,"column":36}},"52":{"start":{"line":116,"column":4},"end":{"line":116,"column":17}},"53":{"start":{"line":119,"column":4},"end":{"line":119,"column":36}},"54":{"start":{"line":120,"column":4},"end":{"line":120,"column":36}},"55":{"start":{"line":122,"column":4},"end":{"line":122,"column":59}},"56":{"start":{"line":123,"column":4},"end":{"line":123,"column":69}},"57":{"start":{"line":127,"column":35},"end":{"line":130,"column":1}},"58":{"start":{"line":128,"column":2},"end":{"line":128,"column":44}},"59":{"start":{"line":129,"column":2},"end":{"line":129,"column":36}},"60":{"start":{"line":132,"column":40},"end":{"line":135,"column":1}},"61":{"start":{"line":133,"column":2},"end":{"line":133,"column":57}},"62":{"start":{"line":134,"column":2},"end":{"line":134,"column":42}},"63":{"start":{"line":137,"column":31},"end":{"line":151,"column":1}},"64":{"start":{"line":138,"column":17},"end":{"line":138,"column":45}},"65":{"start":{"line":139,"column":19},"end":{"line":141,"column":4}},"66":{"start":{"line":143,"column":2},"end":{"line":149,"column":3}},"67":{"start":{"line":145,"column":6},"end":{"line":147,"column":29}},"68":{"start":{"line":148,"column":4},"end":{"line":148,"column":26}},"69":{"start":{"line":150,"column":2},"end":{"line":150,"column":14}},"70":{"start":{"line":153,"column":30},"end":{"line":164,"column":1}},"71":{"start":{"line":154,"column":17},"end":{"line":154,"column":45}},"72":{"start":{"line":155,"column":19},"end":{"line":157,"column":4}},"73":{"start":{"line":160,"column":4},"end":{"line":162,"column":31}},"74":{"start":{"line":163,"column":2},"end":{"line":163,"column":24}},"75":{"start":{"line":166,"column":32},"end":{"line":176,"column":1}},"76":{"start":{"line":167,"column":17},"end":{"line":167,"column":45}},"77":{"start":{"line":168,"column":19},"end":{"line":174,"column":4}},"78":{"start":{"line":175,"column":2},"end":{"line":175,"column":18}},"79":{"start":{"line":178,"column":32},"end":{"line":190,"column":1}},"80":{"start":{"line":179,"column":17},"end":{"line":179,"column":45}},"81":{"start":{"line":180,"column":19},"end":{"line":188,"column":3}},"82":{"start":{"line":189,"column":2},"end":{"line":189,"column":18}},"83":{"start":{"line":192,"column":32},"end":{"line":206,"column":1}},"84":{"start":{"line":193,"column":17},"end":{"line":193,"column":45}},"85":{"start":{"line":194,"column":19},"end":{"line":204,"column":3}},"86":{"start":{"line":205,"column":2},"end":{"line":205,"column":18}},"87":{"start":{"line":208,"column":24},"end":{"line":222,"column":1}},"88":{"start":{"line":209,"column":17},"end":{"line":209,"column":45}},"89":{"start":{"line":210,"column":19},"end":{"line":220,"column":4}},"90":{"start":{"line":221,"column":2},"end":{"line":221,"column":18}},"91":{"start":{"line":224,"column":25},"end":{"line":234,"column":1}},"92":{"start":{"line":225,"column":19},"end":{"line":232,"column":4}},"93":{"start":{"line":233,"column":2},"end":{"line":233,"column":18}},"94":{"start":{"line":236,"column":32},"end":{"line":268,"column":1}},"95":{"start":{"line":237,"column":2},"end":{"line":267,"column":3}},"96":{"start":{"line":238,"column":21},"end":{"line":244,"column":6}},"97":{"start":{"line":246,"column":4},"end":{"line":250,"column":5}},"98":{"start":{"line":248,"column":6},"end":{"line":248,"column":39}},"99":{"start":{"line":249,"column":6},"end":{"line":249,"column":57}},"100":{"start":{"line":252,"column":17},"end":{"line":252,"column":38}},"101":{"start":{"line":254,"column":4},"end":{"line":262,"column":5}},"102":{"start":{"line":256,"column":20},"end":{"line":256,"column":34}},"103":{"start":{"line":257,"column":6},"end":{"line":257,"column":43}},"104":{"start":{"line":258,"column":6},"end":{"line":258,"column":31}},"105":{"start":{"line":260,"column":6},"end":{"line":260,"column":39}},"106":{"start":{"line":261,"column":6},"end":{"line":261,"column":51}},"107":{"start":{"line":264,"column":4},"end":{"line":264,"column":49}},"108":{"start":{"line":265,"column":4},"end":{"line":265,"column":37}},"109":{"start":{"line":266,"column":4},"end":{"line":266,"column":54}},"110":{"start":{"line":270,"column":22},"end":{"line":327,"column":1}},"111":{"start":{"line":272,"column":22},"end":{"line":272,"column":51}},"112":{"start":{"line":273,"column":17},"end":{"line":273,"column":45}},"113":{"start":{"line":275,"column":2},"end":{"line":281,"column":3}},"114":{"start":{"line":276,"column":4},"end":{"line":280,"column":6}},"115":{"start":{"line":284,"column":2},"end":{"line":326,"column":3}},"116":{"start":{"line":285,"column":21},"end":{"line":285,"column":51}},"117":{"start":{"line":288,"column":4},"end":{"line":290,"column":5}},"118":{"start":{"line":289,"column":6},"end":{"line":289,"column":29}},"119":{"start":{"line":293,"column":4},"end":{"line":319,"column":5}},"120":{"start":{"line":294,"column":30},"end":{"line":297,"column":8}},"121":{"start":{"line":300,"column":6},"end":{"line":316,"column":7}},"122":{"start":{"line":301,"column":21},"end":{"line":301,"column":49}},"123":{"start":{"line":302,"column":8},"end":{"line":302,"column":51}},"124":{"start":{"line":303,"column":31},"end":{"line":303,"column":45}},"125":{"start":{"line":306,"column":8},"end":{"line":306,"column":54}},"126":{"start":{"line":309,"column":8},"end":{"line":309,"column":55}},"127":{"start":{"line":310,"column":30},"end":{"line":310,"column":60}},"128":{"start":{"line":313,"column":8},"end":{"line":315,"column":9}},"129":{"start":{"line":314,"column":10},"end":{"line":314,"column":38}},"130":{"start":{"line":317,"column":23},"end":{"line":317,"column":36}},"131":{"start":{"line":318,"column":6},"end":{"line":318,"column":25}},"132":{"start":{"line":322,"column":4},"end":{"line":322,"column":44}},"133":{"start":{"line":324,"column":4},"end":{"line":324,"column":44}},"134":{"start":{"line":325,"column":4},"end":{"line":325,"column":16}}},"fnMap":{"0":{"name":"(anonymous_0)","decl":{"start":{"line":4,"column":25},"end":{"line":4,"column":26}},"loc":{"start":{"line":4,"column":37},"end":{"line":20,"column":1}},"line":4},"1":{"name":"(anonymous_1)","decl":{"start":{"line":22,"column":26},"end":{"line":22,"column":27}},"loc":{"start":{"line":22,"column":44},"end":{"line":42,"column":1}},"line":22},"2":{"name":"(anonymous_2)","decl":{"start":{"line":44,"column":27},"end":{"line":44,"column":28}},"loc":{"start":{"line":44,"column":44},"end":{"line":58,"column":1}},"line":44},"3":{"name":"(anonymous_3)","decl":{"start":{"line":60,"column":27},"end":{"line":60,"column":28}},"loc":{"start":{"line":60,"column":45},"end":{"line":69,"column":1}},"line":60},"4":{"name":"(anonymous_4)","decl":{"start":{"line":71,"column":27},"end":{"line":71,"column":28}},"loc":{"start":{"line":71,"column":55},"end":{"line":81,"column":1}},"line":71},"5":{"name":"(anonymous_5)","decl":{"start":{"line":83,"column":21},"end":{"line":83,"column":22}},"loc":{"start":{"line":83,"column":51},"end":{"line":125,"column":1}},"line":83},"6":{"name":"(anonymous_6)","decl":{"start":{"line":127,"column":35},"end":{"line":127,"column":36}},"loc":{"start":{"line":127,"column":47},"end":{"line":130,"column":1}},"line":127},"7":{"name":"(anonymous_7)","decl":{"start":{"line":132,"column":40},"end":{"line":132,"column":41}},"loc":{"start":{"line":132,"column":52},"end":{"line":135,"column":1}},"line":132},"8":{"name":"(anonymous_8)","decl":{"start":{"line":137,"column":31},"end":{"line":137,"column":32}},"loc":{"start":{"line":137,"column":53},"end":{"line":151,"column":1}},"line":137},"9":{"name":"(anonymous_9)","decl":{"start":{"line":153,"column":30},"end":{"line":153,"column":31}},"loc":{"start":{"line":153,"column":42},"end":{"line":164,"column":1}},"line":153},"10":{"name":"(anonymous_10)","decl":{"start":{"line":166,"column":32},"end":{"line":166,"column":33}},"loc":{"start":{"line":166,"column":52},"end":{"line":176,"column":1}},"line":166},"11":{"name":"(anonymous_11)","decl":{"start":{"line":178,"column":32},"end":{"line":178,"column":33}},"loc":{"start":{"line":178,"column":54},"end":{"line":190,"column":1}},"line":178},"12":{"name":"(anonymous_12)","decl":{"start":{"line":192,"column":32},"end":{"line":192,"column":33}},"loc":{"start":{"line":192,"column":64},"end":{"line":206,"column":1}},"line":192},"13":{"name":"(anonymous_13)","decl":{"start":{"line":208,"column":24},"end":{"line":208,"column":25}},"loc":{"start":{"line":208,"column":51},"end":{"line":222,"column":1}},"line":208},"14":{"name":"(anonymous_14)","decl":{"start":{"line":224,"column":25},"end":{"line":224,"column":26}},"loc":{"start":{"line":224,"column":48},"end":{"line":234,"column":1}},"line":224},"15":{"name":"(anonymous_15)","decl":{"start":{"line":236,"column":32},"end":{"line":236,"column":33}},"loc":{"start":{"line":236,"column":44},"end":{"line":268,"column":1}},"line":236},"16":{"name":"(anonymous_16)","decl":{"start":{"line":270,"column":22},"end":{"line":270,"column":23}},"loc":{"start":{"line":270,"column":51},"end":{"line":327,"column":1}},"line":270}},"branchMap":{"0":{"loc":{"start":{"line":12,"column":6},"end":{"line":14,"column":28}},"type":"cond-expr","locations":[{"start":{"line":13,"column":10},"end":{"line":13,"column":40}},{"start":{"line":14,"column":10},"end":{"line":14,"column":28}}],"line":12},"1":{"loc":{"start":{"line":30,"column":4},"end":{"line":37,"column":5}},"type":"if","locations":[{"start":{"line":30,"column":4},"end":{"line":37,"column":5}},{"start":{},"end":{}}],"line":30},"2":{"loc":{"start":{"line":32,"column":8},"end":{"line":34,"column":26}},"type":"cond-expr","locations":[{"start":{"line":33,"column":12},"end":{"line":33,"column":38}},{"start":{"line":34,"column":12},"end":{"line":34,"column":26}}],"line":32},"3":{"loc":{"start":{"line":94,"column":4},"end":{"line":99,"column":5}},"type":"if","locations":[{"start":{"line":94,"column":4},"end":{"line":99,"column":5}},{"start":{},"end":{}}],"line":94},"4":{"loc":{"start":{"line":113,"column":15},"end":{"line":113,"column":76}},"type":"cond-expr","locations":[{"start":{"line":113,"column":44},"end":{"line":113,"column":65}},{"start":{"line":113,"column":68},"end":{"line":113,"column":76}}],"line":113},"5":{"loc":{"start":{"line":143,"column":2},"end":{"line":149,"column":3}},"type":"if","locations":[{"start":{"line":143,"column":2},"end":{"line":149,"column":3}},{"start":{},"end":{}}],"line":143},"6":{"loc":{"start":{"line":145,"column":6},"end":{"line":147,"column":29}},"type":"cond-expr","locations":[{"start":{"line":146,"column":10},"end":{"line":146,"column":41}},{"start":{"line":147,"column":10},"end":{"line":147,"column":29}}],"line":145},"7":{"loc":{"start":{"line":160,"column":4},"end":{"line":162,"column":31}},"type":"cond-expr","locations":[{"start":{"line":161,"column":8},"end":{"line":161,"column":43}},{"start":{"line":162,"column":8},"end":{"line":162,"column":31}}],"line":160},"8":{"loc":{"start":{"line":246,"column":4},"end":{"line":250,"column":5}},"type":"if","locations":[{"start":{"line":246,"column":4},"end":{"line":250,"column":5}},{"start":{},"end":{}}],"line":246},"9":{"loc":{"start":{"line":254,"column":4},"end":{"line":262,"column":5}},"type":"if","locations":[{"start":{"line":254,"column":4},"end":{"line":262,"column":5}},{"start":{"line":259,"column":11},"end":{"line":262,"column":5}}],"line":254},"10":{"loc":{"start":{"line":270,"column":34},"end":{"line":270,"column":46}},"type":"default-arg","locations":[{"start":{"line":270,"column":44},"end":{"line":270,"column":46}}],"line":270},"11":{"loc":{"start":{"line":275,"column":2},"end":{"line":281,"column":3}},"type":"if","locations":[{"start":{"line":275,"column":2},"end":{"line":281,"column":3}},{"start":{},"end":{}}],"line":275},"12":{"loc":{"start":{"line":288,"column":4},"end":{"line":290,"column":5}},"type":"if","locations":[{"start":{"line":288,"column":4},"end":{"line":290,"column":5}},{"start":{},"end":{}}],"line":288},"13":{"loc":{"start":{"line":293,"column":4},"end":{"line":319,"column":5}},"type":"if","locations":[{"start":{"line":293,"column":4},"end":{"line":319,"column":5}},{"start":{},"end":{}}],"line":293},"14":{"loc":{"start":{"line":300,"column":6},"end":{"line":316,"column":7}},"type":"if","locations":[{"start":{"line":300,"column":6},"end":{"line":316,"column":7}},{"start":{},"end":{}}],"line":300},"15":{"loc":{"start":{"line":313,"column":8},"end":{"line":315,"column":9}},"type":"if","locations":[{"start":{"line":313,"column":8},"end":{"line":315,"column":9}},{"start":{},"end":{}}],"line":313}},"s":{"0":0,"1":0,"2":0,"3":0,"4":0,"5":0,"6":0,"7":0,"8":0,"9":0,"10":0,"11":0,"12":0,"13":0,"14":0,"15":0,"16":0,"17":0,"18":0,"19":0,"20":0,"21":0,"22":0,"23":0,"24":0,"25":0,"26":0,"27":0,"28":0,"29":0,"30":0,"31":0,"32":0,"33":0,"34":0,"35":0,"36":0,"37":0,"38":0,"39":0,"40":0,"41":0,"42":0,"43":0,"44":0,"45":0,"46":0,"47":0,"48":0,"49":0,"50":0,"51":0,"52":0,"53":0,"54":0,"55":0,"56":0,"57":0,"58":0,"59":0,"60":0,"61":0,"62":0,"63":0,"64":0,"65":0,"66":0,"67":0,"68":0,"69":0,"70":0,"71":0,"72":0,"73":0,"74":0,"75":0,"76":0,"77":0,"78":0,"79":0,"80":0,"81":0,"82":0,"83":0,"84":0,"85":0,"86":0,"87":0,"88":0,"89":0,"90":0,"91":0,"92":0,"93":0,"94":0,"95":0,"96":0,"97":0,"98":0,"99":0,"100":0,"101":0,"102":0,"103":0,"104":0,"105":0,"106":0,"107":0,"108":0,"109":0,"110":0,"111":0,"112":0,"113":0,"114":0,"115":0,"116":0,"117":0,"118":0,"119":0,"120":0,"121":0,"122":0,"123":0,"124":0,"125":0,"126":0,"127":0,"128":0,"129":0,"130":0,"131":0,"132":0,"133":0,"134":0},"f":{"0":0,"1":0,"2":0,"3":0,"4":0,"5":0,"6":0,"7":0,"8":0,"9":0,"10":0,"11":0,"12":0,"13":0,"14":0,"15":0,"16":0},"b":{"0":[0,0],"1":[0,0],"2":[0,0],"3":[0,0],"4":[0,0],"5":[0,0],"6":[0,0],"7":[0,0],"8":[0,0],"9":[0,0],"10":[0],"11":[0,0],"12":[0,0],"13":[0,0],"14":[0,0],"15":[0,0]}}
,"C:\\MERN PROJECTS\\Stock Analysis\\stock-analysis---Frontend\\src\\components\\AdminRoutes.jsx": {"path":"C:\\MERN PROJECTS\\Stock Analysis\\stock-analysis---Frontend\\src\\components\\AdminRoutes.jsx","statementMap":{"0":{"start":{"line":6,"column":19},"end":{"line":14,"column":1}},"1":{"start":{"line":7,"column":21},"end":{"line":7,"column":55}},"2":{"start":{"line":7,"column":44},"end":{"line":7,"column":54}},"3":{"start":{"line":9,"column":4},"end":{"line":11,"column":5}},"4":{"start":{"line":10,"column":8},"end":{"line":10,"column":35}},"5":{"start":{"line":13,"column":4},"end":{"line":13,"column":55}}},"fnMap":{"0":{"name":"(anonymous_0)","decl":{"start":{"line":6,"column":19},"end":{"line":6,"column":20}},"loc":{"start":{"line":6,"column":37},"end":{"line":14,"column":1}},"line":6},"1":{"name":"(anonymous_1)","decl":{"start":{"line":7,"column":33},"end":{"line":7,"column":34}},"loc":{"start":{"line":7,"column":44},"end":{"line":7,"column":54}},"line":7}},"branchMap":{"0":{"loc":{"start":{"line":9,"column":4},"end":{"line":11,"column":5}},"type":"if","locations":[{"start":{"line":9,"column":4},"end":{"line":11,"column":5}},{"start":{},"end":{}}],"line":9}},"s":{"0":0,"1":0,"2":0,"3":0,"4":0,"5":0},"f":{"0":0,"1":0},"b":{"0":[0,0]}}
,"C:\\MERN PROJECTS\\Stock Analysis\\stock-analysis---Frontend\\src\\components\\Alert.jsx": {"path":"C:\\MERN PROJECTS\\Stock Analysis\\stock-analysis---Frontend\\src\\components\\Alert.jsx","statementMap":{"0":{"start":{"line":3,"column":32},"end":{"line":45,"column":1}},"1":{"start":{"line":9,"column":4},"end":{"line":9,"column":41}},"2":{"start":{"line":10,"column":2},"end":{"line":10,"column":27}},"3":{"start":{"line":10,"column":15},"end":{"line":10,"column":27}},"4":{"start":{"line":12,"column":2},"end":{"line":44,"column":4}},"5":{"start":{"line":34,"column":14},"end":{"line":34,"column":34}},"6":{"start":{"line":35,"column":14},"end":{"line":35,"column":24}}},"fnMap":{"0":{"name":"(anonymous_0)","decl":{"start":{"line":3,"column":32},"end":{"line":3,"column":33}},"loc":{"start":{"line":8,"column":6},"end":{"line":45,"column":1}},"line":8},"1":{"name":"(anonymous_1)","decl":{"start":{"line":33,"column":21},"end":{"line":33,"column":22}},"loc":{"start":{"line":33,"column":27},"end":{"line":36,"column":13}},"line":33}},"branchMap":{"0":{"loc":{"start":{"line":10,"column":2},"end":{"line":10,"column":27}},"type":"if","locations":[{"start":{"line":10,"column":2},"end":{"line":10,"column":27}},{"start":{},"end":{}}],"line":10}},"s":{"0":0,"1":0,"2":0,"3":0,"4":0,"5":0,"6":0},"f":{"0":0,"1":0},"b":{"0":[0,0]}}
,"C:\\MERN PROJECTS\\Stock Analysis\\stock-analysis---Frontend\\src\\components\\AuthRedirect.jsx": {"path":"C:\\MERN PROJECTS\\Stock Analysis\\stock-analysis---Frontend\\src\\components\\AuthRedirect.jsx","statementMap":{"0":{"start":{"line":4,"column":21},"end":{"line":15,"column":1}},"1":{"start":{"line":5,"column":21},"end":{"line":5,"column":34}},"2":{"start":{"line":6,"column":28},"end":{"line":6,"column":57}},"3":{"start":{"line":8,"column":4},"end":{"line":12,"column":36}},"4":{"start":{"line":9,"column":8},"end":{"line":11,"column":9}},"5":{"start":{"line":10,"column":12},"end":{"line":10,"column":26}},"6":{"start":{"line":14,"column":4},"end":{"line":14,"column":27}}},"fnMap":{"0":{"name":"(anonymous_0)","decl":{"start":{"line":4,"column":21},"end":{"line":4,"column":22}},"loc":{"start":{"line":4,"column":38},"end":{"line":15,"column":1}},"line":4},"1":{"name":"(anonymous_1)","decl":{"start":{"line":8,"column":14},"end":{"line":8,"column":15}},"loc":{"start":{"line":8,"column":20},"end":{"line":12,"column":5}},"line":8}},"branchMap":{"0":{"loc":{"start":{"line":9,"column":8},"end":{"line":11,"column":9}},"type":"if","locations":[{"start":{"line":9,"column":8},"end":{"line":11,"column":9}},{"start":{},"end":{}}],"line":9}},"s":{"0":0,"1":0,"2":0,"3":0,"4":0,"5":0,"6":0},"f":{"0":0,"1":0},"b":{"0":[0,0]}}
,"C:\\MERN PROJECTS\\Stock Analysis\\stock-analysis---Frontend\\src\\components\\CompanyCard.jsx": {"path":"C:\\MERN PROJECTS\\Stock Analysis\\stock-analysis---Frontend\\src\\components\\CompanyCard.jsx","statementMap":{"0":{"start":{"line":6,"column":23},"end":{"line":8,"column":1}},"1":{"start":{"line":7,"column":2},"end":{"line":7,"column":70}},"2":{"start":{"line":13,"column":4},"end":{"line":13,"column":78}},"3":{"start":{"line":17,"column":4},"end":{"line":19,"column":13}},"4":{"start":{"line":23,"column":4},"end":{"line":23,"column":77}},"5":{"start":{"line":25,"column":29},"end":{"line":27,"column":3}},"6":{"start":{"line":26,"column":4},"end":{"line":26,"column":35}},"7":{"start":{"line":28,"column":19},"end":{"line":28,"column":53}},"8":{"start":{"line":28,"column":42},"end":{"line":28,"column":52}},"9":{"start":{"line":29,"column":13},"end":{"line":29,"column":29}},"10":{"start":{"line":31,"column":2},"end":{"line":97,"column":4}},"11":{"start":{"line":54,"column":31},"end":{"line":54,"column":55}},"12":{"start":{"line":63,"column":31},"end":{"line":63,"column":53}}},"fnMap":{"0":{"name":"(anonymous_0)","decl":{"start":{"line":6,"column":23},"end":{"line":6,"column":24}},"loc":{"start":{"line":6,"column":44},"end":{"line":8,"column":1}},"line":6},"1":{"name":"CompanyCard","decl":{"start":{"line":10,"column":9},"end":{"line":10,"column":20}},"loc":{"start":{"line":10,"column":68},"end":{"line":98,"column":1}},"line":10},"2":{"name":"(anonymous_2)","decl":{"start":{"line":25,"column":29},"end":{"line":25,"column":30}},"loc":{"start":{"line":25,"column":35},"end":{"line":27,"column":3}},"line":25},"3":{"name":"(anonymous_3)","decl":{"start":{"line":28,"column":31},"end":{"line":28,"column":32}},"loc":{"start":{"line":28,"column":42},"end":{"line":28,"column":52}},"line":28},"4":{"name":"(anonymous_4)","decl":{"start":{"line":54,"column":25},"end":{"line":54,"column":26}},"loc":{"start":{"line":54,"column":31},"end":{"line":54,"column":55}},"line":54},"5":{"name":"(anonymous_5)","decl":{"start":{"line":63,"column":25},"end":{"line":63,"column":26}},"loc":{"start":{"line":63,"column":31},"end":{"line":63,"column":53}},"line":63}},"branchMap":{"0":{"loc":{"start":{"line":13,"column":4},"end":{"line":13,"column":78}},"type":"cond-expr","locations":[{"start":{"line":13,"column":37},"end":{"line":13,"column":70}},{"start":{"line":13,"column":73},"end":{"line":13,"column":78}}],"line":13},"1":{"loc":{"start":{"line":17,"column":4},"end":{"line":19,"column":13}},"type":"cond-expr","locations":[{"start":{"line":18,"column":8},"end":{"line":18,"column":48}},{"start":{"line":19,"column":8},"end":{"line":19,"column":13}}],"line":17},"2":{"loc":{"start":{"line":23,"column":4},"end":{"line":23,"column":77}},"type":"cond-expr","locations":[{"start":{"line":23,"column":31},"end":{"line":23,"column":69}},{"start":{"line":23,"column":72},"end":{"line":23,"column":77}}],"line":23},"3":{"loc":{"start":{"line":29,"column":13},"end":{"line":29,"column":29}},"type":"binary-expr","locations":[{"start":{"line":29,"column":13},"end":{"line":29,"column":23}},{"start":{"line":29,"column":27},"end":{"line":29,"column":29}}],"line":29},"4":{"loc":{"start":{"line":41,"column":13},"end":{"line":46,"column":13}},"type":"binary-expr","locations":[{"start":{"line":41,"column":13},"end":{"line":41,"column":46}},{"start":{"line":42,"column":14},"end":{"line":45,"column":17}}],"line":41},"5":{"loc":{"start":{"line":49,"column":9},"end":{"line":70,"column":9}},"type":"binary-expr","locations":[{"start":{"line":49,"column":9},"end":{"line":49,"column":25}},{"start":{"line":50,"column":10},"end":{"line":69,"column":16}}],"line":49}},"s":{"0":0,"1":0,"2":0,"3":0,"4":0,"5":0,"6":0,"7":0,"8":0,"9":0,"10":0,"11":0,"12":0},"f":{"0":0,"1":0,"2":0,"3":0,"4":0,"5":0},"b":{"0":[0,0],"1":[0,0],"2":[0,0],"3":[0,0],"4":[0,0],"5":[0,0]}}
,"C:\\MERN PROJECTS\\Stock Analysis\\stock-analysis---Frontend\\src\\components\\InfoButton.jsx": {"path":"C:\\MERN PROJECTS\\Stock Analysis\\stock-analysis---Frontend\\src\\components\\InfoButton.jsx","statementMap":{"0":{"start":{"line":4,"column":26},"end":{"line":4,"column":41}},"1":{"start":{"line":6,"column":2},"end":{"line":31,"column":4}},"2":{"start":{"line":9,"column":28},"end":{"line":9,"column":41}},"3":{"start":{"line":10,"column":28},"end":{"line":10,"column":42}}},"fnMap":{"0":{"name":"InfoButton","decl":{"start":{"line":3,"column":9},"end":{"line":3,"column":19}},"loc":{"start":{"line":3,"column":30},"end":{"line":32,"column":1}},"line":3},"1":{"name":"(anonymous_1)","decl":{"start":{"line":9,"column":22},"end":{"line":9,"column":23}},"loc":{"start":{"line":9,"column":28},"end":{"line":9,"column":41}},"line":9},"2":{"name":"(anonymous_2)","decl":{"start":{"line":10,"column":22},"end":{"line":10,"column":23}},"loc":{"start":{"line":10,"column":28},"end":{"line":10,"column":42}},"line":10}},"branchMap":{"0":{"loc":{"start":{"line":17,"column":7},"end":{"line":29,"column":7}},"type":"binary-expr","locations":[{"start":{"line":17,"column":7},"end":{"line":17,"column":11}},{"start":{"line":18,"column":8},"end":{"line":28,"column":14}}],"line":17}},"s":{"0":0,"1":0,"2":0,"3":0},"f":{"0":0,"1":0,"2":0},"b":{"0":[0,0]}}
,"C:\\MERN PROJECTS\\Stock Analysis\\stock-analysis---Frontend\\src\\components\\Loading.jsx": {"path":"C:\\MERN PROJECTS\\Stock Analysis\\stock-analysis---Frontend\\src\\components\\Loading.jsx","statementMap":{"0":{"start":{"line":5,"column":2},"end":{"line":10,"column":4}}},"fnMap":{"0":{"name":"Loading","decl":{"start":{"line":4,"column":9},"end":{"line":4,"column":16}},"loc":{"start":{"line":4,"column":68},"end":{"line":11,"column":1}},"line":4}},"branchMap":{"0":{"loc":{"start":{"line":4,"column":18},"end":{"line":4,"column":65}},"type":"default-arg","locations":[{"start":{"line":4,"column":28},"end":{"line":4,"column":65}}],"line":4}},"s":{"0":0},"f":{"0":0},"b":{"0":[0]}}
,"C:\\MERN PROJECTS\\Stock Analysis\\stock-analysis---Frontend\\src\\components\\Navbar.jsx": {"path":"C:\\MERN PROJECTS\\Stock Analysis\\stock-analysis---Frontend\\src\\components\\Navbar.jsx","statementMap":{"0":{"start":{"line":12,"column":19},"end":{"line":12,"column":53}},"1":{"start":{"line":12,"column":42},"end":{"line":12,"column":52}},"2":{"start":{"line":13,"column":19},"end":{"line":13,"column":32}},"3":{"start":{"line":14,"column":30},"end":{"line":14,"column":45}},"4":{"start":{"line":15,"column":56},"end":{"line":15,"column":71}},"5":{"start":{"line":16,"column":46},"end":{"line":16,"column":61}},"6":{"start":{"line":17,"column":25},"end":{"line":17,"column":37}},"7":{"start":{"line":18,"column":20},"end":{"line":18,"column":32}},"8":{"start":{"line":19,"column":13},"end":{"line":19,"column":29}},"9":{"start":{"line":21,"column":23},"end":{"line":24,"column":3}},"10":{"start":{"line":22,"column":4},"end":{"line":22,"column":37}},"11":{"start":{"line":23,"column":4},"end":{"line":23,"column":23}},"12":{"start":{"line":27,"column":2},"end":{"line":44,"column":9}},"13":{"start":{"line":29,"column":6},"end":{"line":34,"column":7}},"14":{"start":{"line":33,"column":8},"end":{"line":33,"column":38}},"15":{"start":{"line":35,"column":6},"end":{"line":37,"column":7}},"16":{"start":{"line":36,"column":8},"end":{"line":36,"column":33}},"17":{"start":{"line":40,"column":4},"end":{"line":40,"column":63}},"18":{"start":{"line":41,"column":4},"end":{"line":43,"column":6}},"19":{"start":{"line":42,"column":6},"end":{"line":42,"column":68}},"20":{"start":{"line":45,"column":2},"end":{"line":362,"column":4}},"21":{"start":{"line":92,"column":22},"end":{"line":92,"column":57}},"22":{"start":{"line":93,"column":22},"end":{"line":93,"column":52}},"23":{"start":{"line":148,"column":22},"end":{"line":148,"column":67}},"24":{"start":{"line":149,"column":22},"end":{"line":149,"column":47}},"25":{"start":{"line":238,"column":27},"end":{"line":238,"column":45}}},"fnMap":{"0":{"name":"Navbar","decl":{"start":{"line":11,"column":9},"end":{"line":11,"column":15}},"loc":{"start":{"line":11,"column":40},"end":{"line":363,"column":1}},"line":11},"1":{"name":"(anonymous_1)","decl":{"start":{"line":12,"column":31},"end":{"line":12,"column":32}},"loc":{"start":{"line":12,"column":42},"end":{"line":12,"column":52}},"line":12},"2":{"name":"(anonymous_2)","decl":{"start":{"line":21,"column":23},"end":{"line":21,"column":24}},"loc":{"start":{"line":21,"column":29},"end":{"line":24,"column":3}},"line":21},"3":{"name":"(anonymous_3)","decl":{"start":{"line":27,"column":12},"end":{"line":27,"column":13}},"loc":{"start":{"line":27,"column":18},"end":{"line":44,"column":3}},"line":27},"4":{"name":"handleClickOutside","decl":{"start":{"line":28,"column":13},"end":{"line":28,"column":31}},"loc":{"start":{"line":28,"column":39},"end":{"line":38,"column":5}},"line":28},"5":{"name":"(anonymous_5)","decl":{"start":{"line":41,"column":11},"end":{"line":41,"column":12}},"loc":{"start":{"line":41,"column":17},"end":{"line":43,"column":5}},"line":41},"6":{"name":"(anonymous_6)","decl":{"start":{"line":91,"column":29},"end":{"line":91,"column":30}},"loc":{"start":{"line":91,"column":35},"end":{"line":94,"column":21}},"line":91},"7":{"name":"(anonymous_7)","decl":{"start":{"line":147,"column":29},"end":{"line":147,"column":30}},"loc":{"start":{"line":147,"column":35},"end":{"line":150,"column":21}},"line":147},"8":{"name":"(anonymous_8)","decl":{"start":{"line":238,"column":21},"end":{"line":238,"column":22}},"loc":{"start":{"line":238,"column":27},"end":{"line":238,"column":45}},"line":238}},"branchMap":{"0":{"loc":{"start":{"line":19,"column":13},"end":{"line":19,"column":29}},"type":"binary-expr","locations":[{"start":{"line":19,"column":13},"end":{"line":19,"column":23}},{"start":{"line":19,"column":27},"end":{"line":19,"column":29}}],"line":19},"1":{"loc":{"start":{"line":29,"column":6},"end":{"line":34,"column":7}},"type":"if","locations":[{"start":{"line":29,"column":6},"end":{"line":34,"column":7}},{"start":{},"end":{}}],"line":29},"2":{"loc":{"start":{"line":30,"column":8},"end":{"line":31,"column":54}},"type":"binary-expr","locations":[{"start":{"line":30,"column":8},"end":{"line":30,"column":30}},{"start":{"line":31,"column":8},"end":{"line":31,"column":54}}],"line":30},"3":{"loc":{"start":{"line":35,"column":6},"end":{"line":37,"column":7}},"type":"if","locations":[{"start":{"line":35,"column":6},"end":{"line":37,"column":7}},{"start":{},"end":{}}],"line":35},"4":{"loc":{"start":{"line":35,"column":10},"end":{"line":35,"column":72}},"type":"binary-expr","locations":[{"start":{"line":35,"column":10},"end":{"line":35,"column":27}},{"start":{"line":35,"column":31},"end":{"line":35,"column":72}}],"line":35},"5":{"loc":{"start":{"line":59,"column":13},"end":{"line":202,"column":13}},"type":"cond-expr","locations":[{"start":{"line":60,"column":14},"end":{"line":85,"column":17}},{"start":{"line":87,"column":14},"end":{"line":201,"column":17}}],"line":59},"6":{"loc":{"start":{"line":108,"column":27},"end":{"line":108,"column":78}},"type":"cond-expr","locations":[{"start":{"line":108,"column":44},"end":{"line":108,"column":59}},{"start":{"line":108,"column":62},"end":{"line":108,"column":78}}],"line":108},"7":{"loc":{"start":{"line":114,"column":19},"end":{"line":141,"column":19}},"type":"binary-expr","locations":[{"start":{"line":114,"column":19},"end":{"line":114,"column":33}},{"start":{"line":115,"column":20},"end":{"line":140,"column":26}}],"line":114},"8":{"loc":{"start":{"line":165,"column":26},"end":{"line":167,"column":46}},"type":"cond-expr","locations":[{"start":{"line":166,"column":30},"end":{"line":166,"column":45}},{"start":{"line":167,"column":30},"end":{"line":167,"column":46}}],"line":165},"9":{"loc":{"start":{"line":173,"column":19},"end":{"line":199,"column":19}},"type":"binary-expr","locations":[{"start":{"line":173,"column":19},"end":{"line":173,"column":38}},{"start":{"line":174,"column":20},"end":{"line":198,"column":26}}],"line":173},"10":{"loc":{"start":{"line":204,"column":13},"end":{"line":226,"column":13}},"type":"cond-expr","locations":[{"start":{"line":205,"column":14},"end":{"line":210,"column":18}},{"start":{"line":212,"column":14},"end":{"line":225,"column":17}}],"line":204},"11":{"loc":{"start":{"line":232,"column":15},"end":{"line":232,"column":73}},"type":"cond-expr","locations":[{"start":{"line":232,"column":35},"end":{"line":232,"column":53}},{"start":{"line":232,"column":56},"end":{"line":232,"column":73}}],"line":232},"12":{"loc":{"start":{"line":241,"column":13},"end":{"line":241,"column":58}},"type":"cond-expr","locations":[{"start":{"line":241,"column":22},"end":{"line":241,"column":37}},{"start":{"line":241,"column":40},"end":{"line":241,"column":58}}],"line":241},"13":{"loc":{"start":{"line":246,"column":9},"end":{"line":359,"column":9}},"type":"binary-expr","locations":[{"start":{"line":246,"column":9},"end":{"line":246,"column":15}},{"start":{"line":247,"column":10},"end":{"line":358,"column":16}}],"line":246},"14":{"loc":{"start":{"line":248,"column":13},"end":{"line":333,"column":13}},"type":"cond-expr","locations":[{"start":{"line":249,"column":14},"end":{"line":274,"column":17}},{"start":{"line":276,"column":14},"end":{"line":332,"column":17}}],"line":248},"15":{"loc":{"start":{"line":335,"column":13},"end":{"line":357,"column":13}},"type":"cond-expr","locations":[{"start":{"line":336,"column":14},"end":{"line":341,"column":18}},{"start":{"line":343,"column":14},"end":{"line":356,"column":17}}],"line":335}},"s":{"0":0,"1":0,"2":0,"3":0,"4":0,"5":0,"6":0,"7":0,"8":0,"9":0,"10":0,"11":0,"12":0,"13":0,"14":0,"15":0,"16":0,"17":0,"18":0,"19":0,"20":0,"21":0,"22":0,"23":0,"24":0,"25":0},"f":{"0":0,"1":0,"2":0,"3":0,"4":0,"5":0,"6":0,"7":0,"8":0},"b":{"0":[0,0],"1":[0,0],"2":[0,0],"3":[0,0],"4":[0,0],"5":[0,0],"6":[0,0],"7":[0,0],"8":[0,0],"9":[0,0],"10":[0,0],"11":[0,0],"12":[0,0],"13":[0,0],"14":[0,0],"15":[0,0]}}
,"C:\\MERN PROJECTS\\Stock Analysis\\stock-analysis---Frontend\\src\\components\\NotFound.jsx": {"path":"C:\\MERN PROJECTS\\Stock Analysis\\stock-analysis---Frontend\\src\\components\\NotFound.jsx","statementMap":{"0":{"start":{"line":4,"column":17},"end":{"line":53,"column":1}},"1":{"start":{"line":6,"column":2},"end":{"line":52,"column":4}},"2":{"start":{"line":38,"column":27},"end":{"line":38,"column":48}}},"fnMap":{"0":{"name":"(anonymous_0)","decl":{"start":{"line":4,"column":17},"end":{"line":4,"column":18}},"loc":{"start":{"line":4,"column":23},"end":{"line":53,"column":1}},"line":4},"1":{"name":"(anonymous_1)","decl":{"start":{"line":38,"column":21},"end":{"line":38,"column":22}},"loc":{"start":{"line":38,"column":27},"end":{"line":38,"column":48}},"line":38}},"branchMap":{},"s":{"0":0,"1":0,"2":0},"f":{"0":0,"1":0},"b":{}}
,"C:\\MERN PROJECTS\\Stock Analysis\\stock-analysis---Frontend\\src\\components\\Pagination.jsx": {"path":"C:\\MERN PROJECTS\\Stock Analysis\\stock-analysis---Frontend\\src\\components\\Pagination.jsx","statementMap":{"0":{"start":{"line":3,"column":19},"end":{"line":100,"column":1}},"1":{"start":{"line":4,"column":22},"end":{"line":4,"column":24}},"2":{"start":{"line":7,"column":26},"end":{"line":7,"column":27}},"3":{"start":{"line":8,"column":18},"end":{"line":8,"column":76}},"4":{"start":{"line":9,"column":16},"end":{"line":9,"column":69}},"5":{"start":{"line":11,"column":2},"end":{"line":13,"column":3}},"6":{"start":{"line":12,"column":4},"end":{"line":12,"column":59}},"7":{"start":{"line":16,"column":2},"end":{"line":18,"column":3}},"8":{"start":{"line":16,"column":15},"end":{"line":16,"column":24}},"9":{"start":{"line":17,"column":4},"end":{"line":17,"column":24}},"10":{"start":{"line":20,"column":2},"end":{"line":99,"column":4}},"11":{"start":{"line":25,"column":25},"end":{"line":25,"column":54}},"12":{"start":{"line":40,"column":29},"end":{"line":40,"column":44}},"13":{"start":{"line":55,"column":10},"end":{"line":65,"column":19}},"14":{"start":{"line":57,"column":27},"end":{"line":57,"column":47}},"15":{"start":{"line":77,"column":29},"end":{"line":77,"column":53}},"16":{"start":{"line":87,"column":25},"end":{"line":87,"column":54}}},"fnMap":{"0":{"name":"(anonymous_0)","decl":{"start":{"line":3,"column":19},"end":{"line":3,"column":20}},"loc":{"start":{"line":3,"column":66},"end":{"line":100,"column":1}},"line":3},"1":{"name":"(anonymous_1)","decl":{"start":{"line":25,"column":19},"end":{"line":25,"column":20}},"loc":{"start":{"line":25,"column":25},"end":{"line":25,"column":54}},"line":25},"2":{"name":"(anonymous_2)","decl":{"start":{"line":40,"column":23},"end":{"line":40,"column":24}},"loc":{"start":{"line":40,"column":29},"end":{"line":40,"column":44}},"line":40},"3":{"name":"(anonymous_3)","decl":{"start":{"line":54,"column":25},"end":{"line":54,"column":26}},"loc":{"start":{"line":55,"column":10},"end":{"line":65,"column":19}},"line":55},"4":{"name":"(anonymous_4)","decl":{"start":{"line":57,"column":21},"end":{"line":57,"column":22}},"loc":{"start":{"line":57,"column":27},"end":{"line":57,"column":47}},"line":57},"5":{"name":"(anonymous_5)","decl":{"start":{"line":77,"column":23},"end":{"line":77,"column":24}},"loc":{"start":{"line":77,"column":29},"end":{"line":77,"column":53}},"line":77},"6":{"name":"(anonymous_6)","decl":{"start":{"line":87,"column":19},"end":{"line":87,"column":20}},"loc":{"start":{"line":87,"column":25},"end":{"line":87,"column":54}},"line":87}},"branchMap":{"0":{"loc":{"start":{"line":11,"column":2},"end":{"line":13,"column":3}},"type":"if","locations":[{"start":{"line":11,"column":2},"end":{"line":13,"column":3}},{"start":{},"end":{}}],"line":11},"1":{"loc":{"start":{"line":28,"column":12},"end":{"line":30,"column":57}},"type":"cond-expr","locations":[{"start":{"line":29,"column":16},"end":{"line":29,"column":58}},{"start":{"line":30,"column":16},"end":{"line":30,"column":57}}],"line":28},"2":{"loc":{"start":{"line":37,"column":9},"end":{"line":51,"column":9}},"type":"binary-expr","locations":[{"start":{"line":37,"column":9},"end":{"line":37,"column":22}},{"start":{"line":38,"column":10},"end":{"line":50,"column":13}}],"line":37},"3":{"loc":{"start":{"line":45,"column":13},"end":{"line":49,"column":13}},"type":"binary-expr","locations":[{"start":{"line":45,"column":13},"end":{"line":45,"column":26}},{"start":{"line":46,"column":14},"end":{"line":48,"column":21}}],"line":45},"4":{"loc":{"start":{"line":59,"column":14},"end":{"line":61,"column":75}},"type":"cond-expr","locations":[{"start":{"line":60,"column":18},"end":{"line":60,"column":63}},{"start":{"line":61,"column":18},"end":{"line":61,"column":75}}],"line":59},"5":{"loc":{"start":{"line":69,"column":9},"end":{"line":83,"column":9}},"type":"binary-expr","locations":[{"start":{"line":69,"column":9},"end":{"line":69,"column":29}},{"start":{"line":70,"column":10},"end":{"line":82,"column":13}}],"line":69},"6":{"loc":{"start":{"line":71,"column":13},"end":{"line":75,"column":13}},"type":"binary-expr","locations":[{"start":{"line":71,"column":13},"end":{"line":71,"column":37}},{"start":{"line":72,"column":14},"end":{"line":74,"column":21}}],"line":71},"7":{"loc":{"start":{"line":90,"column":12},"end":{"line":92,"column":57}},"type":"cond-expr","locations":[{"start":{"line":91,"column":16},"end":{"line":91,"column":58}},{"start":{"line":92,"column":16},"end":{"line":92,"column":57}}],"line":90}},"s":{"0":0,"1":0,"2":0,"3":0,"4":0,"5":0,"6":0,"7":0,"8":0,"9":0,"10":0,"11":0,"12":0,"13":0,"14":0,"15":0,"16":0},"f":{"0":0,"1":0,"2":0,"3":0,"4":0,"5":0,"6":0},"b":{"0":[0,0],"1":[0,0],"2":[0,0],"3":[0,0],"4":[0,0],"5":[0,0],"6":[0,0],"7":[0,0]}}
,"C:\\MERN PROJECTS\\Stock Analysis\\stock-analysis---Frontend\\src\\components\\PieChart.jsx": {"path":"C:\\MERN PROJECTS\\Stock Analysis\\stock-analysis---Frontend\\src\\components\\PieChart.jsx","statementMap":{"0":{"start":{"line":5,"column":0},"end":{"line":5,"column":46}},"1":{"start":{"line":8,"column":17},"end":{"line":8,"column":104}},"2":{"start":{"line":9,"column":15},"end":{"line":41,"column":3}},"3":{"start":{"line":43,"column":2},"end":{"line":47,"column":4}}},"fnMap":{"0":{"name":"PieChart","decl":{"start":{"line":7,"column":16},"end":{"line":7,"column":24}},"loc":{"start":{"line":7,"column":106},"end":{"line":48,"column":1}},"line":7}},"branchMap":{},"s":{"0":0,"1":0,"2":0,"3":0},"f":{"0":0},"b":{}}
,"C:\\MERN PROJECTS\\Stock Analysis\\stock-analysis---Frontend\\src\\components\\ProtectedRoutes.jsx": {"path":"C:\\MERN PROJECTS\\Stock Analysis\\stock-analysis---Frontend\\src\\components\\ProtectedRoutes.jsx","statementMap":{"0":{"start":{"line":4,"column":23},"end":{"line":12,"column":1}},"1":{"start":{"line":5,"column":28},"end":{"line":5,"column":57}},"2":{"start":{"line":7,"column":4},"end":{"line":9,"column":5}},"3":{"start":{"line":8,"column":8},"end":{"line":8,"column":40}},"4":{"start":{"line":11,"column":4},"end":{"line":11,"column":20}}},"fnMap":{"0":{"name":"(anonymous_0)","decl":{"start":{"line":4,"column":23},"end":{"line":4,"column":24}},"loc":{"start":{"line":4,"column":41},"end":{"line":12,"column":1}},"line":4}},"branchMap":{"0":{"loc":{"start":{"line":7,"column":4},"end":{"line":9,"column":5}},"type":"if","locations":[{"start":{"line":7,"column":4},"end":{"line":9,"column":5}},{"start":{},"end":{}}],"line":7}},"s":{"0":0,"1":0,"2":0,"3":0,"4":0},"f":{"0":0},"b":{"0":[0,0]}}
,"C:\\MERN PROJECTS\\Stock Analysis\\stock-analysis---Frontend\\src\\components\\Search.jsx": {"path":"C:\\MERN PROJECTS\\Stock Analysis\\stock-analysis---Frontend\\src\\components\\Search.jsx","statementMap":{"0":{"start":{"line":7,"column":38},"end":{"line":7,"column":50}},"1":{"start":{"line":8,"column":46},"end":{"line":8,"column":58}},"2":{"start":{"line":9,"column":40},"end":{"line":9,"column":52}},"3":{"start":{"line":10,"column":48},"end":{"line":10,"column":63}},"4":{"start":{"line":11,"column":44},"end":{"line":11,"column":56}},"5":{"start":{"line":12,"column":25},"end":{"line":12,"column":37}},"6":{"start":{"line":14,"column":19},"end":{"line":14,"column":32}},"7":{"start":{"line":15,"column":32},"end":{"line":15,"column":68}},"8":{"start":{"line":15,"column":55},"end":{"line":15,"column":67}},"9":{"start":{"line":16,"column":18},"end":{"line":16,"column":53}},"10":{"start":{"line":16,"column":41},"end":{"line":16,"column":52}},"11":{"start":{"line":17,"column":19},"end":{"line":17,"column":32}},"12":{"start":{"line":19,"column":2},"end":{"line":23,"column":23}},"13":{"start":{"line":20,"column":4},"end":{"line":22,"column":5}},"14":{"start":{"line":21,"column":6},"end":{"line":21,"column":21}},"15":{"start":{"line":26,"column":2},"end":{"line":42,"column":30}},"16":{"start":{"line":27,"column":4},"end":{"line":31,"column":5}},"17":{"start":{"line":28,"column":6},"end":{"line":28,"column":25}},"18":{"start":{"line":29,"column":6},"end":{"line":29,"column":32}},"19":{"start":{"line":30,"column":6},"end":{"line":30,"column":13}},"20":{"start":{"line":33,"column":21},"end":{"line":37,"column":5}},"21":{"start":{"line":35,"column":8},"end":{"line":36,"column":71}},"22":{"start":{"line":39,"column":4},"end":{"line":39,"column":29}},"23":{"start":{"line":40,"column":4},"end":{"line":40,"column":29}},"24":{"start":{"line":41,"column":4},"end":{"line":41,"column":25}},"25":{"start":{"line":45,"column":2},"end":{"line":59,"column":9}},"26":{"start":{"line":46,"column":31},"end":{"line":53,"column":5}},"27":{"start":{"line":47,"column":6},"end":{"line":52,"column":7}},"28":{"start":{"line":51,"column":8},"end":{"line":51,"column":34}},"29":{"start":{"line":55,"column":4},"end":{"line":55,"column":63}},"30":{"start":{"line":56,"column":4},"end":{"line":58,"column":6}},"31":{"start":{"line":57,"column":6},"end":{"line":57,"column":68}},"32":{"start":{"line":61,"column":23},"end":{"line":72,"column":3}},"33":{"start":{"line":62,"column":4},"end":{"line":71,"column":5}},"34":{"start":{"line":63,"column":6},"end":{"line":63,"column":63}},"35":{"start":{"line":64,"column":6},"end":{"line":68,"column":7}},"36":{"start":{"line":65,"column":8},"end":{"line":65,"column":45}},"37":{"start":{"line":66,"column":8},"end":{"line":66,"column":34}},"38":{"start":{"line":67,"column":8},"end":{"line":67,"column":47}},"39":{"start":{"line":70,"column":6},"end":{"line":70,"column":54}},"40":{"start":{"line":74,"column":24},"end":{"line":105,"column":3}},"41":{"start":{"line":75,"column":4},"end":{"line":104,"column":5}},"42":{"start":{"line":76,"column":6},"end":{"line":76,"column":25}},"43":{"start":{"line":77,"column":6},"end":{"line":81,"column":9}},"44":{"start":{"line":78,"column":25},"end":{"line":78,"column":72}},"45":{"start":{"line":79,"column":8},"end":{"line":79,"column":63}},"46":{"start":{"line":80,"column":8},"end":{"line":80,"column":24}},"47":{"start":{"line":83,"column":9},"end":{"line":104,"column":5}},"48":{"start":{"line":84,"column":6},"end":{"line":84,"column":25}},"49":{"start":{"line":85,"column":6},"end":{"line":89,"column":9}},"50":{"start":{"line":86,"column":25},"end":{"line":86,"column":48}},"51":{"start":{"line":87,"column":8},"end":{"line":87,"column":63}},"52":{"start":{"line":88,"column":8},"end":{"line":88,"column":24}},"53":{"start":{"line":91,"column":9},"end":{"line":104,"column":5}},"54":{"start":{"line":92,"column":6},"end":{"line":92,"column":25}},"55":{"start":{"line":93,"column":6},"end":{"line":100,"column":7}},"56":{"start":{"line":94,"column":8},"end":{"line":94,"column":55}},"57":{"start":{"line":95,"column":8},"end":{"line":95,"column":61}},"58":{"start":{"line":96,"column":8},"end":{"line":96,"column":34}},"59":{"start":{"line":97,"column":8},"end":{"line":97,"column":66}},"60":{"start":{"line":99,"column":8},"end":{"line":99,"column":23}},"61":{"start":{"line":102,"column":9},"end":{"line":104,"column":5}},"62":{"start":{"line":103,"column":6},"end":{"line":103,"column":32}},"63":{"start":{"line":107,"column":32},"end":{"line":112,"column":3}},"64":{"start":{"line":108,"column":4},"end":{"line":108,"column":35}},"65":{"start":{"line":109,"column":4},"end":{"line":109,"column":47}},"66":{"start":{"line":109,"column":28},"end":{"line":109,"column":45}},"67":{"start":{"line":110,"column":4},"end":{"line":110,"column":30}},"68":{"start":{"line":111,"column":4},"end":{"line":111,"column":46}},"69":{"start":{"line":114,"column":2},"end":{"line":174,"column":4}},"70":{"start":{"line":124,"column":29},"end":{"line":124,"column":58}},"71":{"start":{"line":127,"column":14},"end":{"line":129,"column":38}},"72":{"start":{"line":156,"column":16},"end":{"line":167,"column":22}},"73":{"start":{"line":161,"column":33},"end":{"line":161,"column":66}}},"fnMap":{"0":{"name":"Search","decl":{"start":{"line":6,"column":9},"end":{"line":6,"column":15}},"loc":{"start":{"line":6,"column":18},"end":{"line":175,"column":1}},"line":6},"1":{"name":"(anonymous_1)","decl":{"start":{"line":15,"column":44},"end":{"line":15,"column":45}},"loc":{"start":{"line":15,"column":55},"end":{"line":15,"column":67}},"line":15},"2":{"name":"(anonymous_2)","decl":{"start":{"line":16,"column":30},"end":{"line":16,"column":31}},"loc":{"start":{"line":16,"column":41},"end":{"line":16,"column":52}},"line":16},"3":{"name":"(anonymous_3)","decl":{"start":{"line":19,"column":12},"end":{"line":19,"column":13}},"loc":{"start":{"line":19,"column":18},"end":{"line":23,"column":3}},"line":19},"4":{"name":"(anonymous_4)","decl":{"start":{"line":26,"column":12},"end":{"line":26,"column":13}},"loc":{"start":{"line":26,"column":18},"end":{"line":42,"column":3}},"line":26},"5":{"name":"(anonymous_5)","decl":{"start":{"line":34,"column":6},"end":{"line":34,"column":7}},"loc":{"start":{"line":35,"column":8},"end":{"line":36,"column":71}},"line":35},"6":{"name":"(anonymous_6)","decl":{"start":{"line":45,"column":12},"end":{"line":45,"column":13}},"loc":{"start":{"line":45,"column":18},"end":{"line":59,"column":3}},"line":45},"7":{"name":"(anonymous_7)","decl":{"start":{"line":46,"column":31},"end":{"line":46,"column":32}},"loc":{"start":{"line":46,"column":42},"end":{"line":53,"column":5}},"line":46},"8":{"name":"(anonymous_8)","decl":{"start":{"line":56,"column":11},"end":{"line":56,"column":12}},"loc":{"start":{"line":56,"column":17},"end":{"line":58,"column":5}},"line":56},"9":{"name":"(anonymous_9)","decl":{"start":{"line":61,"column":23},"end":{"line":61,"column":24}},"loc":{"start":{"line":61,"column":29},"end":{"line":72,"column":3}},"line":61},"10":{"name":"(anonymous_10)","decl":{"start":{"line":74,"column":24},"end":{"line":74,"column":25}},"loc":{"start":{"line":74,"column":31},"end":{"line":105,"column":3}},"line":74},"11":{"name":"(anonymous_11)","decl":{"start":{"line":77,"column":23},"end":{"line":77,"column":24}},"loc":{"start":{"line":77,"column":33},"end":{"line":81,"column":7}},"line":77},"12":{"name":"(anonymous_12)","decl":{"start":{"line":85,"column":23},"end":{"line":85,"column":24}},"loc":{"start":{"line":85,"column":33},"end":{"line":89,"column":7}},"line":85},"13":{"name":"(anonymous_13)","decl":{"start":{"line":107,"column":32},"end":{"line":107,"column":33}},"loc":{"start":{"line":107,"column":48},"end":{"line":112,"column":3}},"line":107},"14":{"name":"(anonymous_14)","decl":{"start":{"line":109,"column":22},"end":{"line":109,"column":23}},"loc":{"start":{"line":109,"column":28},"end":{"line":109,"column":45}},"line":109},"15":{"name":"(anonymous_15)","decl":{"start":{"line":124,"column":22},"end":{"line":124,"column":23}},"loc":{"start":{"line":124,"column":29},"end":{"line":124,"column":58}},"line":124},"16":{"name":"(anonymous_16)","decl":{"start":{"line":126,"column":21},"end":{"line":126,"column":22}},"loc":{"start":{"line":127,"column":14},"end":{"line":129,"column":38}},"line":127},"17":{"name":"(anonymous_17)","decl":{"start":{"line":155,"column":31},"end":{"line":155,"column":32}},"loc":{"start":{"line":156,"column":16},"end":{"line":167,"column":22}},"line":156},"18":{"name":"(anonymous_18)","decl":{"start":{"line":161,"column":27},"end":{"line":161,"column":28}},"loc":{"start":{"line":161,"column":33},"end":{"line":161,"column":66}},"line":161}},"branchMap":{"0":{"loc":{"start":{"line":20,"column":4},"end":{"line":22,"column":5}},"type":"if","locations":[{"start":{"line":20,"column":4},"end":{"line":22,"column":5}},{"start":{},"end":{}}],"line":20},"1":{"loc":{"start":{"line":27,"column":4},"end":{"line":31,"column":5}},"type":"if","locations":[{"start":{"line":27,"column":4},"end":{"line":31,"column":5}},{"start":{},"end":{}}],"line":27},"2":{"loc":{"start":{"line":35,"column":8},"end":{"line":36,"column":71}},"type":"binary-expr","locations":[{"start":{"line":35,"column":8},"end":{"line":35,"column":69}},{"start":{"line":36,"column":8},"end":{"line":36,"column":71}}],"line":35},"3":{"loc":{"start":{"line":47,"column":6},"end":{"line":52,"column":7}},"type":"if","locations":[{"start":{"line":47,"column":6},"end":{"line":52,"column":7}},{"start":{},"end":{}}],"line":47},"4":{"loc":{"start":{"line":48,"column":8},"end":{"line":49,"column":54}},"type":"binary-expr","locations":[{"start":{"line":48,"column":8},"end":{"line":48,"column":30}},{"start":{"line":49,"column":8},"end":{"line":49,"column":54}}],"line":48},"5":{"loc":{"start":{"line":64,"column":6},"end":{"line":68,"column":7}},"type":"if","locations":[{"start":{"line":64,"column":6},"end":{"line":68,"column":7}},{"start":{},"end":{}}],"line":64},"6":{"loc":{"start":{"line":75,"column":4},"end":{"line":104,"column":5}},"type":"if","locations":[{"start":{"line":75,"column":4},"end":{"line":104,"column":5}},{"start":{"line":83,"column":9},"end":{"line":104,"column":5}}],"line":75},"7":{"loc":{"start":{"line":78,"column":25},"end":{"line":78,"column":72}},"type":"cond-expr","locations":[{"start":{"line":78,"column":57},"end":{"line":78,"column":65}},{"start":{"line":78,"column":68},"end":{"line":78,"column":72}}],"line":78},"8":{"loc":{"start":{"line":79,"column":26},"end":{"line":79,"column":61}},"type":"binary-expr","locations":[{"start":{"line":79,"column":26},"end":{"line":79,"column":55}},{"start":{"line":79,"column":59},"end":{"line":79,"column":61}}],"line":79},"9":{"loc":{"start":{"line":83,"column":9},"end":{"line":104,"column":5}},"type":"if","locations":[{"start":{"line":83,"column":9},"end":{"line":104,"column":5}},{"start":{"line":91,"column":9},"end":{"line":104,"column":5}}],"line":83},"10":{"loc":{"start":{"line":86,"column":25},"end":{"line":86,"column":48}},"type":"cond-expr","locations":[{"start":{"line":86,"column":36},"end":{"line":86,"column":44}},{"start":{"line":86,"column":47},"end":{"line":86,"column":48}}],"line":86},"11":{"loc":{"start":{"line":87,"column":26},"end":{"line":87,"column":61}},"type":"binary-expr","locations":[{"start":{"line":87,"column":26},"end":{"line":87,"column":55}},{"start":{"line":87,"column":59},"end":{"line":87,"column":61}}],"line":87},"12":{"loc":{"start":{"line":91,"column":9},"end":{"line":104,"column":5}},"type":"if","locations":[{"start":{"line":91,"column":9},"end":{"line":104,"column":5}},{"start":{"line":102,"column":9},"end":{"line":104,"column":5}}],"line":91},"13":{"loc":{"start":{"line":93,"column":6},"end":{"line":100,"column":7}},"type":"if","locations":[{"start":{"line":93,"column":6},"end":{"line":100,"column":7}},{"start":{"line":98,"column":13},"end":{"line":100,"column":7}}],"line":93},"14":{"loc":{"start":{"line":93,"column":10},"end":{"line":93,"column":66}},"type":"binary-expr","locations":[{"start":{"line":93,"column":10},"end":{"line":93,"column":28}},{"start":{"line":93,"column":32},"end":{"line":93,"column":66}}],"line":93},"15":{"loc":{"start":{"line":102,"column":9},"end":{"line":104,"column":5}},"type":"if","locations":[{"start":{"line":102,"column":9},"end":{"line":104,"column":5}},{"start":{},"end":{}}],"line":102},"16":{"loc":{"start":{"line":116,"column":6},"end":{"line":116,"column":42}},"type":"binary-expr","locations":[{"start":{"line":116,"column":6},"end":{"line":116,"column":22}},{"start":{"line":116,"column":26},"end":{"line":116,"column":42}}],"line":116},"17":{"loc":{"start":{"line":121,"column":26},"end":{"line":121,"column":77}},"type":"cond-expr","locations":[{"start":{"line":121,"column":46},"end":{"line":121,"column":62}},{"start":{"line":121,"column":65},"end":{"line":121,"column":77}}],"line":121},"18":{"loc":{"start":{"line":127,"column":14},"end":{"line":129,"column":38}},"type":"binary-expr","locations":[{"start":{"line":127,"column":14},"end":{"line":127,"column":24}},{"start":{"line":128,"column":14},"end":{"line":128,"column":36}},{"start":{"line":129,"column":14},"end":{"line":129,"column":38}}],"line":127},"19":{"loc":{"start":{"line":153,"column":11},"end":{"line":170,"column":11}},"type":"binary-expr","locations":[{"start":{"line":153,"column":11},"end":{"line":153,"column":26}},{"start":{"line":153,"column":30},"end":{"line":153,"column":52}},{"start":{"line":154,"column":12},"end":{"line":169,"column":18}}],"line":153},"20":{"loc":{"start":{"line":159,"column":20},"end":{"line":159,"column":65}},"type":"cond-expr","locations":[{"start":{"line":159,"column":46},"end":{"line":159,"column":60}},{"start":{"line":159,"column":63},"end":{"line":159,"column":65}}],"line":159}},"s":{"0":0,"1":0,"2":0,"3":0,"4":0,"5":0,"6":0,"7":0,"8":0,"9":0,"10":0,"11":0,"12":0,"13":0,"14":0,"15":0,"16":0,"17":0,"18":0,"19":0,"20":0,"21":0,"22":0,"23":0,"24":0,"25":0,"26":0,"27":0,"28":0,"29":0,"30":0,"31":0,"32":0,"33":0,"34":0,"35":0,"36":0,"37":0,"38":0,"39":0,"40":0,"41":0,"42":0,"43":0,"44":0,"45":0,"46":0,"47":0,"48":0,"49":0,"50":0,"51":0,"52":0,"53":0,"54":0,"55":0,"56":0,"57":0,"58":0,"59":0,"60":0,"61":0,"62":0,"63":0,"64":0,"65":0,"66":0,"67":0,"68":0,"69":0,"70":0,"71":0,"72":0,"73":0},"f":{"0":0,"1":0,"2":0,"3":0,"4":0,"5":0,"6":0,"7":0,"8":0,"9":0,"10":0,"11":0,"12":0,"13":0,"14":0,"15":0,"16":0,"17":0,"18":0},"b":{"0":[0,0],"1":[0,0],"2":[0,0],"3":[0,0],"4":[0,0],"5":[0,0],"6":[0,0],"7":[0,0],"8":[0,0],"9":[0,0],"10":[0,0],"11":[0,0],"12":[0,0],"13":[0,0],"14":[0,0],"15":[0,0],"16":[0,0],"17":[0,0],"18":[0,0,0],"19":[0,0,0],"20":[0,0]}}
,"C:\\MERN PROJECTS\\Stock Analysis\\stock-analysis---Frontend\\src\\pages\\About.jsx": {"path":"C:\\MERN PROJECTS\\Stock Analysis\\stock-analysis---Frontend\\src\\pages\\About.jsx","statementMap":{"0":{"start":{"line":4,"column":16},"end":{"line":86,"column":1}},"1":{"start":{"line":5,"column":20},"end":{"line":5,"column":55}},"2":{"start":{"line":5,"column":43},"end":{"line":5,"column":54}},"3":{"start":{"line":6,"column":2},"end":{"line":85,"column":4}}},"fnMap":{"0":{"name":"(anonymous_0)","decl":{"start":{"line":4,"column":16},"end":{"line":4,"column":17}},"loc":{"start":{"line":4,"column":22},"end":{"line":86,"column":1}},"line":4},"1":{"name":"(anonymous_1)","decl":{"start":{"line":5,"column":32},"end":{"line":5,"column":33}},"loc":{"start":{"line":5,"column":43},"end":{"line":5,"column":54}},"line":5}},"branchMap":{"0":{"loc":{"start":{"line":9,"column":8},"end":{"line":9,"column":82}},"type":"cond-expr","locations":[{"start":{"line":9,"column":27},"end":{"line":9,"column":55}},{"start":{"line":9,"column":58},"end":{"line":9,"column":82}}],"line":9}},"s":{"0":2,"1":2,"2":4,"3":2},"f":{"0":2,"1":4},"b":{"0":[0,2]},"_coverageSchema":"1a1c01bbd47fc00a2c39e90264f33305004495a9","hash":"b5a1cdd5e4be4ee90c570eafebd0c4f9e15b595f"}
,"C:\\MERN PROJECTS\\Stock Analysis\\stock-analysis---Frontend\\src\\pages\\Company.jsx": {"path":"C:\\MERN PROJECTS\\Stock Analysis\\stock-analysis---Frontend\\src\\pages\\Company.jsx","statementMap":{"0":{"start":{"line":13,"column":29},"end":{"line":18,"column":1}},"1":{"start":{"line":14,"column":2},"end":{"line":14,"column":39}},"2":{"start":{"line":14,"column":24},"end":{"line":14,"column":39}},"3":{"start":{"line":15,"column":2},"end":{"line":15,"column":40}},"4":{"start":{"line":15,"column":25},"end":{"line":15,"column":40}},"5":{"start":{"line":16,"column":2},"end":{"line":16,"column":38}},"6":{"start":{"line":16,"column":25},"end":{"line":16,"column":38}},"7":{"start":{"line":17,"column":2},"end":{"line":17,"column":17}},"8":{"start":{"line":21,"column":38},"end":{"line":21,"column":50}},"9":{"start":{"line":22,"column":48},"end":{"line":22,"column":60}},"10":{"start":{"line":23,"column":40},"end":{"line":23,"column":51}},"11":{"start":{"line":24,"column":50},"end":{"line":24,"column":61}},"12":{"start":{"line":25,"column":19},"end":{"line":25,"column":32}},"13":{"start":{"line":26,"column":19},"end":{"line":26,"column":32}},"14":{"start":{"line":28,"column":32},"end":{"line":28,"column":68}},"15":{"start":{"line":28,"column":55},"end":{"line":28,"column":67}},"16":{"start":{"line":29,"column":34},"end":{"line":29,"column":71}},"17":{"start":{"line":29,"column":57},"end":{"line":29,"column":70}},"18":{"start":{"line":30,"column":20},"end":{"line":30,"column":55}},"19":{"start":{"line":30,"column":43},"end":{"line":30,"column":54}},"20":{"start":{"line":33,"column":2},"end":{"line":50,"column":9}},"21":{"start":{"line":34,"column":25},"end":{"line":40,"column":5}},"22":{"start":{"line":35,"column":6},"end":{"line":39,"column":7}},"23":{"start":{"line":36,"column":8},"end":{"line":36,"column":31}},"24":{"start":{"line":38,"column":8},"end":{"line":38,"column":31}},"25":{"start":{"line":43,"column":4},"end":{"line":43,"column":19}},"26":{"start":{"line":46,"column":4},"end":{"line":46,"column":52}},"27":{"start":{"line":49,"column":4},"end":{"line":49,"column":68}},"28":{"start":{"line":49,"column":17},"end":{"line":49,"column":67}},"29":{"start":{"line":52,"column":29},"end":{"line":54,"column":3}},"30":{"start":{"line":53,"column":4},"end":{"line":53,"column":35}},"31":{"start":{"line":56,"column":28},"end":{"line":69,"column":4}},"32":{"start":{"line":58,"column":26},"end":{"line":61,"column":70}},"33":{"start":{"line":64,"column":29},"end":{"line":66,"column":12}},"34":{"start":{"line":68,"column":4},"end":{"line":68,"column":45}},"35":{"start":{"line":72,"column":29},"end":{"line":72,"column":59}},"36":{"start":{"line":73,"column":30},"end":{"line":73,"column":67}},"37":{"start":{"line":74,"column":27},"end":{"line":77,"column":3}},"38":{"start":{"line":78,"column":21},"end":{"line":78,"column":75}},"39":{"start":{"line":81,"column":27},"end":{"line":85,"column":3}},"40":{"start":{"line":82,"column":4},"end":{"line":82,"column":31}},"41":{"start":{"line":84,"column":4},"end":{"line":84,"column":26}},"42":{"start":{"line":87,"column":23},"end":{"line":97,"column":3}},"43":{"start":{"line":88,"column":4},"end":{"line":88,"column":30}},"44":{"start":{"line":89,"column":21},"end":{"line":89,"column":46}},"45":{"start":{"line":90,"column":4},"end":{"line":95,"column":5}},"46":{"start":{"line":91,"column":6},"end":{"line":91,"column":41}},"47":{"start":{"line":92,"column":6},"end":{"line":92,"column":47}},"48":{"start":{"line":94,"column":6},"end":{"line":94,"column":34}},"49":{"start":{"line":96,"column":4},"end":{"line":96,"column":31}},"50":{"start":{"line":99,"column":21},"end":{"line":101,"column":3}},"51":{"start":{"line":100,"column":4},"end":{"line":100,"column":59}},"52":{"start":{"line":104,"column":2},"end":{"line":106,"column":36}},"53":{"start":{"line":105,"column":4},"end":{"line":105,"column":22}},"54":{"start":{"line":108,"column":2},"end":{"line":108,"column":73}},"55":{"start":{"line":108,"column":16},"end":{"line":108,"column":73}},"56":{"start":{"line":109,"column":2},"end":{"line":190,"column":4}},"57":{"start":{"line":134,"column":29},"end":{"line":134,"column":58}},"58":{"start":{"line":139,"column":29},"end":{"line":139,"column":63}},"59":{"start":{"line":164,"column":12},"end":{"line":170,"column":14}}},"fnMap":{"0":{"name":"(anonymous_0)","decl":{"start":{"line":13,"column":29},"end":{"line":13,"column":30}},"loc":{"start":{"line":13,"column":44},"end":{"line":18,"column":1}},"line":13},"1":{"name":"Company","decl":{"start":{"line":20,"column":9},"end":{"line":20,"column":16}},"loc":{"start":{"line":20,"column":19},"end":{"line":191,"column":1}},"line":20},"2":{"name":"(anonymous_2)","decl":{"start":{"line":28,"column":44},"end":{"line":28,"column":45}},"loc":{"start":{"line":28,"column":55},"end":{"line":28,"column":67}},"line":28},"3":{"name":"(anonymous_3)","decl":{"start":{"line":29,"column":46},"end":{"line":29,"column":47}},"loc":{"start":{"line":29,"column":57},"end":{"line":29,"column":70}},"line":29},"4":{"name":"(anonymous_4)","decl":{"start":{"line":30,"column":32},"end":{"line":30,"column":33}},"loc":{"start":{"line":30,"column":43},"end":{"line":30,"column":54}},"line":30},"5":{"name":"(anonymous_5)","decl":{"start":{"line":33,"column":12},"end":{"line":33,"column":13}},"loc":{"start":{"line":33,"column":18},"end":{"line":50,"column":3}},"line":33},"6":{"name":"(anonymous_6)","decl":{"start":{"line":34,"column":25},"end":{"line":34,"column":26}},"loc":{"start":{"line":34,"column":31},"end":{"line":40,"column":5}},"line":34},"7":{"name":"(anonymous_7)","decl":{"start":{"line":49,"column":11},"end":{"line":49,"column":12}},"loc":{"start":{"line":49,"column":17},"end":{"line":49,"column":67}},"line":49},"8":{"name":"(anonymous_8)","decl":{"start":{"line":52,"column":29},"end":{"line":52,"column":30}},"loc":{"start":{"line":52,"column":41},"end":{"line":54,"column":3}},"line":52},"9":{"name":"(anonymous_9)","decl":{"start":{"line":56,"column":45},"end":{"line":56,"column":46}},"loc":{"start":{"line":56,"column":58},"end":{"line":69,"column":3}},"line":56},"10":{"name":"(anonymous_10)","decl":{"start":{"line":81,"column":27},"end":{"line":81,"column":28}},"loc":{"start":{"line":81,"column":43},"end":{"line":85,"column":3}},"line":81},"11":{"name":"(anonymous_11)","decl":{"start":{"line":87,"column":23},"end":{"line":87,"column":24}},"loc":{"start":{"line":87,"column":41},"end":{"line":97,"column":3}},"line":87},"12":{"name":"(anonymous_12)","decl":{"start":{"line":99,"column":21},"end":{"line":99,"column":22}},"loc":{"start":{"line":99,"column":33},"end":{"line":101,"column":3}},"line":99},"13":{"name":"(anonymous_13)","decl":{"start":{"line":104,"column":12},"end":{"line":104,"column":13}},"loc":{"start":{"line":104,"column":18},"end":{"line":106,"column":3}},"line":104},"14":{"name":"(anonymous_14)","decl":{"start":{"line":134,"column":22},"end":{"line":134,"column":23}},"loc":{"start":{"line":134,"column":29},"end":{"line":134,"column":58}},"line":134},"15":{"name":"(anonymous_15)","decl":{"start":{"line":139,"column":22},"end":{"line":139,"column":23}},"loc":{"start":{"line":139,"column":29},"end":{"line":139,"column":63}},"line":139},"16":{"name":"(anonymous_16)","decl":{"start":{"line":163,"column":31},"end":{"line":163,"column":32}},"loc":{"start":{"line":164,"column":12},"end":{"line":170,"column":14}},"line":164}},"branchMap":{"0":{"loc":{"start":{"line":14,"column":2},"end":{"line":14,"column":39}},"type":"if","locations":[{"start":{"line":14,"column":2},"end":{"line":14,"column":39}},{"start":{},"end":{}}],"line":14},"1":{"loc":{"start":{"line":15,"column":2},"end":{"line":15,"column":40}},"type":"if","locations":[{"start":{"line":15,"column":2},"end":{"line":15,"column":40}},{"start":{},"end":{}}],"line":15},"2":{"loc":{"start":{"line":16,"column":2},"end":{"line":16,"column":38}},"type":"if","locations":[{"start":{"line":16,"column":2},"end":{"line":16,"column":38}},{"start":{},"end":{}}],"line":16},"3":{"loc":{"start":{"line":35,"column":6},"end":{"line":39,"column":7}},"type":"if","locations":[{"start":{"line":35,"column":6},"end":{"line":39,"column":7}},{"start":{"line":37,"column":13},"end":{"line":39,"column":7}}],"line":35},"4":{"loc":{"start":{"line":58,"column":26},"end":{"line":61,"column":70}},"type":"binary-expr","locations":[{"start":{"line":58,"column":26},"end":{"line":58,"column":43}},{"start":{"line":59,"column":6},"end":{"line":59,"column":70}},{"start":{"line":60,"column":6},"end":{"line":60,"column":68}},{"start":{"line":61,"column":6},"end":{"line":61,"column":70}}],"line":58},"5":{"loc":{"start":{"line":64,"column":29},"end":{"line":66,"column":12}},"type":"cond-expr","locations":[{"start":{"line":65,"column":8},"end":{"line":65,"column":71}},{"start":{"line":66,"column":8},"end":{"line":66,"column":12}}],"line":64},"6":{"loc":{"start":{"line":68,"column":11},"end":{"line":68,"column":44}},"type":"binary-expr","locations":[{"start":{"line":68,"column":11},"end":{"line":68,"column":24}},{"start":{"line":68,"column":28},"end":{"line":68,"column":44}}],"line":68},"7":{"loc":{"start":{"line":90,"column":4},"end":{"line":95,"column":5}},"type":"if","locations":[{"start":{"line":90,"column":4},"end":{"line":95,"column":5}},{"start":{"line":93,"column":11},"end":{"line":95,"column":5}}],"line":90},"8":{"loc":{"start":{"line":108,"column":2},"end":{"line":108,"column":73}},"type":"if","locations":[{"start":{"line":108,"column":2},"end":{"line":108,"column":73}},{"start":{},"end":{}}],"line":108},"9":{"loc":{"start":{"line":110,"column":23},"end":{"line":110,"column":84}},"type":"cond-expr","locations":[{"start":{"line":110,"column":42},"end":{"line":110,"column":66}},{"start":{"line":110,"column":69},"end":{"line":110,"column":84}}],"line":110},"10":{"loc":{"start":{"line":154,"column":19},"end":{"line":154,"column":77}},"type":"cond-expr","locations":[{"start":{"line":154,"column":50},"end":{"line":154,"column":73}},{"start":{"line":154,"column":76},"end":{"line":154,"column":77}}],"line":154},"11":{"loc":{"start":{"line":162,"column":9},"end":{"line":176,"column":9}},"type":"cond-expr","locations":[{"start":{"line":163,"column":10},"end":{"line":171,"column":12}},{"start":{"line":173,"column":10},"end":{"line":175,"column":16}}],"line":162},"12":{"loc":{"start":{"line":180,"column":7},"end":{"line":188,"column":7}},"type":"binary-expr","locations":[{"start":{"line":180,"column":7},"end":{"line":180,"column":50}},{"start":{"line":181,"column":8},"end":{"line":187,"column":14}}],"line":180}},"s":{"0":0,"1":0,"2":0,"3":0,"4":0,"5":0,"6":0,"7":0,"8":0,"9":0,"10":0,"11":0,"12":0,"13":0,"14":0,"15":0,"16":0,"17":0,"18":0,"19":0,"20":0,"21":0,"22":0,"23":0,"24":0,"25":0,"26":0,"27":0,"28":0,"29":0,"30":0,"31":0,"32":0,"33":0,"34":0,"35":0,"36":0,"37":0,"38":0,"39":0,"40":0,"41":0,"42":0,"43":0,"44":0,"45":0,"46":0,"47":0,"48":0,"49":0,"50":0,"51":0,"52":0,"53":0,"54":0,"55":0,"56":0,"57":0,"58":0,"59":0},"f":{"0":0,"1":0,"2":0,"3":0,"4":0,"5":0,"6":0,"7":0,"8":0,"9":0,"10":0,"11":0,"12":0,"13":0,"14":0,"15":0,"16":0},"b":{"0":[0,0],"1":[0,0],"2":[0,0],"3":[0,0],"4":[0,0,0,0],"5":[0,0],"6":[0,0],"7":[0,0],"8":[0,0],"9":[0,0],"10":[0,0],"11":[0,0],"12":[0,0]}}
,"C:\\MERN PROJECTS\\Stock Analysis\\stock-analysis---Frontend\\src\\pages\\Home.jsx": {"path":"C:\\MERN PROJECTS\\Stock Analysis\\stock-analysis---Frontend\\src\\pages\\Home.jsx","statementMap":{"0":{"start":{"line":9,"column":31},"end":{"line":13,"column":3}},"1":{"start":{"line":15,"column":19},"end":{"line":15,"column":32}},"2":{"start":{"line":17,"column":2},"end":{"line":29,"column":17}},"3":{"start":{"line":18,"column":24},"end":{"line":26,"column":5}},"4":{"start":{"line":19,"column":6},"end":{"line":25,"column":7}},"5":{"start":{"line":20,"column":23},"end":{"line":20,"column":40}},"6":{"start":{"line":21,"column":8},"end":{"line":21,"column":47}},"7":{"start":{"line":22,"column":8},"end":{"line":22,"column":35}},"8":{"start":{"line":24,"column":8},"end":{"line":24,"column":55}},"9":{"start":{"line":28,"column":4},"end":{"line":28,"column":18}},"10":{"start":{"line":32,"column":2},"end":{"line":44,"column":4}}},"fnMap":{"0":{"name":"Home","decl":{"start":{"line":8,"column":9},"end":{"line":8,"column":13}},"loc":{"start":{"line":8,"column":16},"end":{"line":45,"column":1}},"line":8},"1":{"name":"(anonymous_1)","decl":{"start":{"line":17,"column":12},"end":{"line":17,"column":13}},"loc":{"start":{"line":17,"column":18},"end":{"line":29,"column":3}},"line":17},"2":{"name":"(anonymous_2)","decl":{"start":{"line":18,"column":24},"end":{"line":18,"column":25}},"loc":{"start":{"line":18,"column":36},"end":{"line":26,"column":5}},"line":18}},"branchMap":{},"s":{"0":0,"1":0,"2":0,"3":0,"4":0,"5":0,"6":0,"7":0,"8":0,"9":0,"10":0},"f":{"0":0,"1":0,"2":0},"b":{}}
,"C:\\MERN PROJECTS\\Stock Analysis\\stock-analysis---Frontend\\src\\pages\\Login.jsx": {"path":"C:\\MERN PROJECTS\\Stock Analysis\\stock-analysis---Frontend\\src\\pages\\Login.jsx","statementMap":{"0":{"start":{"line":13,"column":17},"end":{"line":13,"column":68}},"1":{"start":{"line":14,"column":2},"end":{"line":14,"column":32}},"2":{"start":{"line":15,"column":40},"end":{"line":15,"column":77}},"3":{"start":{"line":16,"column":19},"end":{"line":16,"column":32}},"4":{"start":{"line":17,"column":19},"end":{"line":17,"column":32}},"5":{"start":{"line":18,"column":19},"end":{"line":18,"column":55}},"6":{"start":{"line":18,"column":42},"end":{"line":18,"column":54}},"7":{"start":{"line":20,"column":23},"end":{"line":58,"column":3}},"8":{"start":{"line":21,"column":4},"end":{"line":21,"column":23}},"9":{"start":{"line":22,"column":18},"end":{"line":22,"column":22}},"10":{"start":{"line":23,"column":27},"end":{"line":23,"column":54}},"11":{"start":{"line":25,"column":4},"end":{"line":31,"column":5}},"12":{"start":{"line":26,"column":6},"end":{"line":26,"column":51}},"13":{"start":{"line":27,"column":6},"end":{"line":27,"column":22}},"14":{"start":{"line":28,"column":11},"end":{"line":31,"column":5}},"15":{"start":{"line":29,"column":6},"end":{"line":29,"column":68}},"16":{"start":{"line":30,"column":6},"end":{"line":30,"column":22}},"17":{"start":{"line":33,"column":4},"end":{"line":39,"column":5}},"18":{"start":{"line":34,"column":6},"end":{"line":34,"column":57}},"19":{"start":{"line":35,"column":6},"end":{"line":35,"column":22}},"20":{"start":{"line":36,"column":11},"end":{"line":39,"column":5}},"21":{"start":{"line":37,"column":6},"end":{"line":37,"column":75}},"22":{"start":{"line":38,"column":6},"end":{"line":38,"column":22}},"23":{"start":{"line":41,"column":4},"end":{"line":45,"column":5}},"24":{"start":{"line":42,"column":6},"end":{"line":42,"column":44}},"25":{"start":{"line":43,"column":6},"end":{"line":43,"column":27}},"26":{"start":{"line":44,"column":6},"end":{"line":44,"column":13}},"27":{"start":{"line":47,"column":21},"end":{"line":47,"column":76}},"28":{"start":{"line":48,"column":17},"end":{"line":48,"column":38}},"29":{"start":{"line":50,"column":4},"end":{"line":57,"column":5}},"30":{"start":{"line":51,"column":6},"end":{"line":51,"column":52}},"31":{"start":{"line":52,"column":6},"end":{"line":52,"column":39}},"32":{"start":{"line":53,"column":6},"end":{"line":53,"column":38}},"33":{"start":{"line":54,"column":6},"end":{"line":54,"column":20}},"34":{"start":{"line":56,"column":6},"end":{"line":56,"column":45}},"35":{"start":{"line":60,"column":19},"end":{"line":63,"column":3}},"36":{"start":{"line":61,"column":4},"end":{"line":61,"column":72}},"37":{"start":{"line":62,"column":4},"end":{"line":62,"column":50}},"38":{"start":{"line":65,"column":2},"end":{"line":103,"column":4}}},"fnMap":{"0":{"name":"Login","decl":{"start":{"line":12,"column":24},"end":{"line":12,"column":29}},"loc":{"start":{"line":12,"column":32},"end":{"line":104,"column":1}},"line":12},"1":{"name":"(anonymous_1)","decl":{"start":{"line":18,"column":31},"end":{"line":18,"column":32}},"loc":{"start":{"line":18,"column":42},"end":{"line":18,"column":54}},"line":18},"2":{"name":"(anonymous_2)","decl":{"start":{"line":20,"column":23},"end":{"line":20,"column":24}},"loc":{"start":{"line":20,"column":36},"end":{"line":58,"column":3}},"line":20},"3":{"name":"(anonymous_3)","decl":{"start":{"line":60,"column":19},"end":{"line":60,"column":20}},"loc":{"start":{"line":60,"column":26},"end":{"line":63,"column":3}},"line":60}},"branchMap":{"0":{"loc":{"start":{"line":13,"column":17},"end":{"line":13,"column":68}},"type":"binary-expr","locations":[{"start":{"line":13,"column":17},"end":{"line":13,"column":41}},{"start":{"line":13,"column":45},"end":
[...]
sis\\stock-analysis---Frontend\\src\\pages\\admin\\UpdateStock.jsx": {"path":"C:\\MERN PROJECTS\\Stock Analysis\\stock-analysis---Frontend\\src\\pages\\admin\\UpdateStock.jsx","statementMap":{"0":{"start":{"line":12,"column":19},"end":{"line":39,"column":1}},"1":{"start":{"line":20,"column":2},"end":{"line":38,"column":4}},"2":{"start":{"line":41,"column":20},"end":{"line":52,"column":1}},"3":{"start":{"line":42,"column":2},"end":{"line":51,"column":4}},"4":{"start":{"line":54,"column":24},"end":{"line":551,"column":1}},"5":{"start":{"line":55,"column":34},"end":{"line":55,"column":49}},"6":{"start":{"line":56,"column":19},"end":{"line":56,"column":32}},"7":{"start":{"line":57,"column":19},"end":{"line":57,"column":32}},"8":{"start":{"line":58,"column":19},"end":{"line":58,"column":32}},"9":{"start":{"line":59,"column":18},"end":{"line":59,"column":53}},"10":{"start":{"line":59,"column":41},"end":{"line":59,"column":52}},"11":{"start":{"line":60,"column":20},"end":{"line":60,"column":57}},"12":{"start":{"line":60,"column":43},"end":{"line":60,"column":56}},"13":{"start":{"line":61,"column":17},"end":{"line":61,"column":45}},"14":{"start":{"line":62,"column":32},"end":{"line":100,"column":4}},"15":{"start":{"line":101,"column":2},"end":{"line":116,"column":9}},"16":{"start":{"line":102,"column":27},"end":{"line":113,"column":5}},"17":{"start":{"line":103,"column":6},"end":{"line":103,"column":32}},"18":{"start":{"line":104,"column":6},"end":{"line":112,"column":7}},"19":{"start":{"line":105,"column":24},"end":{"line":105,"column":48}},"20":{"start":{"line":106,"column":8},"end":{"line":106,"column":30}},"21":{"start":{"line":107,"column":8},"end":{"line":107,"column":32}},"22":{"start":{"line":109,"column":8},"end":{"line":109,"column":59}},"23":{"start":{"line":111,"column":8},"end":{"line":111,"column":36}},"24":{"start":{"line":115,"column":4},"end":{"line":115,"column":21}},"25":{"start":{"line":118,"column":23},"end":{"line":136,"column":3}},"26":{"start":{"line":119,"column":28},"end":{"line":119,"column":36}},"27":{"start":{"line":120,"column":25},"end":{"line":120,"column":30}},"28":{"start":{"line":122,"column":4},"end":{"line":130,"column":5}},"29":{"start":{"line":129,"column":6},"end":{"line":129,"column":57}},"30":{"start":{"line":132,"column":4},"end":{"line":135,"column":8}},"31":{"start":{"line":132,"column":33},"end":{"line":135,"column":5}},"32":{"start":{"line":138,"column":23},"end":{"line":161,"column":3}},"33":{"start":{"line":139,"column":4},"end":{"line":139,"column":23}},"34":{"start":{"line":140,"column":4},"end":{"line":140,"column":22}},"35":{"start":{"line":142,"column":4},"end":{"line":160,"column":5}},"36":{"start":{"line":143,"column":23},"end":{"line":143,"column":55}},"37":{"start":{"line":144,"column":6},"end":{"line":152,"column":7}},"38":{"start":{"line":145,"column":8},"end":{"line":145,"column":50}},"39":{"start":{"line":146,"column":20},"end":{"line":146,"column":40}},"40":{"start":{"line":147,"column":8},"end":{"line":147,"column":47}},"41":{"start":{"line":148,"column":8},"end":{"line":148,"column":34}},"42":{"start":{"line":151,"column":8},"end":{"line":151,"column":49}},"43":{"start":{"line":153,"column":6},"end":{"line":153,"column":25}},"44":{"start":{"line":155,"column":6},"end":{"line":155,"column":50}},"45":{"start":{"line":156,"column":6},"end":{"line":156,"column":63}},"46":{"start":{"line":157,"column":6},"end":{"line":157,"column":25}},"47":{"start":{"line":159,"column":6},"end":{"line":159,"column":19}},"48":{"start":{"line":163,"column":2},"end":{"line":167,"column":3}},"49":{"start":{"line":164,"column":4},"end":{"line":166,"column":6}},"50":{"start":{"line":169,"column":2},"end":{"line":550,"column":4}},"51":{"start":{"line":176,"column":29},"end":{"line":176,"column":50}},"52":{"start":{"line":190,"column":29},"end":{"line":190,"column":53}}},"fnMap":{"0":{"name":"(anonymous_0)","decl":{"start":{"line":12,"column":19},"end":{"line":12,"column":20}},"loc":{"start":{"line":19,"column":6},"end":{"line":39,"column":1}},"line":19},"1":{"name":"(anonymous_1)","decl":{"start":{"line":41,"column":20},"end":{"line":41,"column":21}},"loc":{"start":{"line":41,"column":45},"end":{"line":52,"column":1}},"line":41},"2":{"name":"(anonymous_2)","decl":{"start":{"line":54,"column":24},"end":{"line":54,"column":25}},"loc":{"start":{"line":54,"column":30},"end":{"line":551,"column":1}},"line":54},"3":{"name":"(anonymous_3)","decl":{"start":{"line":59,"column":30},"end":{"line":59,"column":31}},"loc":{"start":{"line":59,"column":41},"end":{"line":59,"column":52}},"line":59},"4":{"name":"(anonymous_4)","decl":{"start":{"line":60,"column":32},"end":{"line":60,"column":33}},"loc":{"start":{"line":60,"column":43},"end":{"line":60,"column":56}},"line":60},"5":{"name":"(anonymous_5)","decl":{"start":{"line":101,"column":12},"end":{"line":101,"column":13}},"loc":{"start":{"line":101,"column":18},"end":{"line":116,"column":3}},"line":101},"6":{"name":"(anonymous_6)","decl":{"start":{"line":102,"column":27},"end":{"line":102,"column":28}},"loc":{"start":{"line":102,"column":39},"end":{"line":113,"column":5}},"line":102},"7":{"name":"(anonymous_7)","decl":{"start":{"line":118,"column":23},"end":{"line":118,"column":24}},"loc":{"start":{"line":118,"column":30},"end":{"line":136,"column":3}},"line":118},"8":{"name":"(anonymous_8)","decl":{"start":{"line":132,"column":17},"end":{"line":132,"column":18}},"loc":{"start":{"line":132,"column":33},"end":{"line":135,"column":5}},"line":132},"9":{"name":"(anonymous_9)","decl":{"start":{"line":138,"column":23},"end":{"line":138,"column":24}},"loc":{"start":{"line":138,"column":36},"end":{"line":161,"column":3}},"line":138},"10":{"name":"(anonymous_10)","decl":{"start":{"line":176,"column":23},"end":{"line":176,"column":24}},"loc":{"start":{"line":176,"column":29},"end":{"line":176,"column":50}},"line":176},"11":{"name":"(anonymous_11)","decl":{"start":{"line":190,"column":23},"end":{"line":190,"column":24}},"loc":{"start":{"line":190,"column":29},"end":{"line":190,"column":53}},"line":190}},"branchMap":{"0":{"loc":{"start":{"line":17,"column":2},"end":{"line":17,"column":15}},"type":"default-arg","locations":[{"start":{"line":17,"column":9},"end":{"line":17,"column":15}}],"line":17},"1":{"loc":{"start":{"line":18,"column":2},"end":{"line":18,"column":18}},"type":"default-arg","locations":[{"start":{"line":18,"column":13},"end":{"line":18,"column":18}}],"line":18},"2":{"loc":{"start":{"line":26,"column":17},"end":{"line":26,"column":68}},"type":"binary-expr","locations":[{"start":{"line":26,"column":17},"end":{"line":26,"column":25}},{"start":{"line":26,"column":29},"end":{"line":26,"column":68}}],"line":26},"3":{"loc":{"start":{"line":61,"column":17},"end":{"line":61,"column":45}},"type":"binary-expr","locations":[{"start":{"line":61,"column":17},"end":{"line":61,"column":39}},{"start":{"line":61,"column":43},"end":{"line":61,"column":45}}],"line":61},"4":{"loc":{"start":{"line":122,"column":4},"end":{"line":130,"column":5}},"type":"if","locations":[{"start":{"line":122,"column":4},"end":{"line":130,"column":5}},{"start":{},"end":{}}],"line":122},"5":{"loc":{"start":{"line":123,"column":6},"end":{"line":127,"column":30}},"type":"binary-expr","locations":[{"start":{"line":123,"column":6},"end":{"line":123,"column":21}},{"start":{"line":124,"column":6},"end":{"line":124,"column":23}},{"start":{"line":125,"column":6},"end":{"line":125,"column":23}},{"start":{"line":126,"column":6},"end":{"line":126,"column":27}},{"start":{"line":127,"column":6},"end":{"line":127,"column":30}}],"line":123},"6":{"loc":{"start":{"line":129,"column":23},"end":{"line":129,"column":56}},"type":"cond-expr","locations":[{"start":{"line":129,"column":38},"end":{"line":129,"column":40}},{"start":{"line":129,"column":43},"end":{"line":129,"column":56}}],"line":129},"7":{"loc":{"start":{"line":144,"column":6},"end":{"line":152,"column":7}},"type":"if","locations":[{"start":{"line":144,"column":6},"end":{"line":152,"column":7}},{"start":{"line":150,"column":11},"end":{"line":152,"column":7}}],"line":144},"8":{"loc":{"start":{"line":163,"column":2},"end":{"line":167,"column":3}},"type":"if","locations":[{"start":{"line":163,"column":2},"end":{"line":167,"column":3}},{"start":{},"end":{}}],"line":163},"9":{"loc":{"start":{"line":180,"column":31},"end":{"line":180,"column":80}},"type":"cond-expr","locations":[{"start":{"line":180,"column":50},"end":{"line":180,"column":62}},{"start":{"line":180,"column":65},"end":{"line":180,"column":80}}],"line":180},"10":{"loc":{"start":{"line":200,"column":16},"end":{"line":200,"column":63}},"type":"cond-expr","locations":[{"start":{"line":200,"column":27},"end":{"line":200,"column":58}},{"start":{"line":200,"column":61},"end":{"line":200,"column":63}}],"line":200},"11":{"loc":{"start":{"line":203,"column":15},"end":{"line":213,"column":15}},"type":"cond-expr","locations":[{"start":{"line":204,"column":16},"end":{"line":207,"column":19}},{"start":{"line":209,"column":16},"end":{"line":212,"column":19}}],"line":203},"12":{"loc":{"start":{"line":507,"column":16},"end":{"line":507,"column":63}},"type":"cond-expr","locations":[{"start":{"line":507,"column":27},"end":{"line":507,"column":58}},{"start":{"line":507,"column":61},"end":{"line":507,"column":63}}],"line":507},"13":{"loc":{"start":{"line":510,"column":15},"end":{"line":520,"column":15}},"type":"cond-expr","locations":[{"start":{"line":511,"column":16},"end":{"line":514,"column":19}},{"start":{"line":516,"column":16},"end":{"line":519,"column":19}}],"line":510},"14":{"loc":{"start":{"line":532,"column":14},"end":{"line":532,"column":61}},"type":"cond-expr","locations":[{"start":{"line":532,"column":25},"end":{"line":532,"column":56}},{"start":{"line":532,"column":59},"end":{"line":532,"column":61}}],"line":532},"15":{"loc":{"start":{"line":535,"column":13},"end":{"line":545,"column":13}},"type":"cond-expr","locations":[{"start":{"line":536,"column":14},"end":{"line":539,"column":17}},{"start":{"line":541,"column":14},"end":{"line":544,"column":17}}],"line":535}},"s":{"0":0,"1":0,"2":0,"3":0,"4":0,"5":0,"6":0,"7":0,"8":0,"9":0,"10":0,"11":0,"12":0,"13":0,"14":0,"15":0,"16":0,"17":0,"18":0,"19":0,"20":0,"21":0,"22":0,"23":0,"24":0,"25":0,"26":0,"27":0,"28":0,"29":0,"30":0,"31":0,"32":0,"33":0,"34":0,"35":0,"36":0,"37":0,"38":0,"39":0,"40":0,"41":0,"42":0,"43":0,"44":0,"45":0,"46":0,"47":0,"48":0,"49":0,"50":0,"51":0,"52":0},"f":{"0":0,"1":0,"2":0,"3":0,"4":0,"5":0,"6":0,"7":0,"8":0,"9":0,"10":0,"11":0},"b":{"0":[0],"1":[0],"2":[0,0],"3":[0,0],"4":[0,0],"5":[0,0,0,0,0],"6":[0,0],"7":[0,0],"8":[0,0],"9":[0,0],"10":[0,0],"11":[0,0],"12":[0,0],"13":[0,0],"14":[0,0],"15":[0,0]}}
,"C:\\MERN PROJECTS\\Stock Analysis\\stock-analysis---Frontend\\src\\store\\store.js": {"path":"C:\\MERN PROJECTS\\Stock Analysis\\stock-analysis---Frontend\\src\\store\\store.js","statementMap":{"0":{"start":{"line":10,"column":14},"end":{"line":20,"column":2}}},"fnMap":{},"branchMap":{},"s":{"0":0},"f":{},"b":{}}
,"C:\\MERN PROJECTS\\Stock Analysis\\stock-analysis---Frontend\\src\\store\\slice\\errorSlice.js": {"path":"C:\\MERN PROJECTS\\Stock Analysis\\stock-analysis---Frontend\\src\\store\\slice\\errorSlice.js","statementMap":{"0":{"start":{"line":3,"column":21},"end":{"line":5,"column":1}},"1":{"start":{"line":7,"column":19},"end":{"line":15,"column":2}},"2":{"start":{"line":12,"column":12},"end":{"line":12,"column":42}},"3":{"start":{"line":17,"column":29},"end":{"line":17,"column":47}}},"fnMap":{"0":{"name":"(anonymous_0)","decl":{"start":{"line":11,"column":20},"end":{"line":11,"column":21}},"loc":{"start":{"line":11,"column":39},"end":{"line":13,"column":9}},"line":11}},"branchMap":{},"s":{"0":0,"1":0,"2":0,"3":0},"f":{"0":0},"b":{}}
,"C:\\MERN PROJECTS\\Stock Analysis\\stock-analysis---Frontend\\src\\store\\slice\\loadingSlice.js": {"path":"C:\\MERN PROJECTS\\Stock Analysis\\stock-analysis---Frontend\\src\\store\\slice\\loadingSlice.js","statementMap":{"0":{"start":{"line":3,"column":21},"end":{"line":5,"column":1}},"1":{"start":{"line":7,"column":26},"end":{"line":15,"column":2}},"2":{"start":{"line":12,"column":12},"end":{"line":12,"column":43}},"3":{"start":{"line":17,"column":30},"end":{"line":17,"column":55}}},"fnMap":{"0":{"name":"(anonymous_0)","decl":{"start":{"line":11,"column":20},"end":{"line":11,"column":21}},"loc":{"start":{"line":11,"column":39},"end":{"line":13,"column":9}},"line":11}},"branchMap":{},"s":{"0":0,"1":0,"2":0,"3":0},"f":{"0":0},"b":{}}
,"C:\\MERN PROJECTS\\Stock Analysis\\stock-analysis---Frontend\\src\\store\\slice\\mutualFundSlice.js": {"path":"C:\\MERN PROJECTS\\Stock Analysis\\stock-analysis---Frontend\\src\\store\\slice\\mutualFundSlice.js","statementMap":{"0":{"start":{"line":3,"column":21},"end":{"line":5,"column":1}},"1":{"start":{"line":7,"column":24},"end":{"line":15,"column":2}},"2":{"start":{"line":12,"column":12},"end":{"line":12,"column":45}},"3":{"start":{"line":17,"column":31},"end":{"line":17,"column":54}}},"fnMap":{"0":{"name":"(anonymous_0)","decl":{"start":{"line":11,"column":24},"end":{"line":11,"column":25}},"loc":{"start":{"line":11,"column":43},"end":{"line":13,"column":9}},"line":11}},"branchMap":{},"s":{"0":0,"1":0,"2":0,"3":0},"f":{"0":0},"b":{}}
,"C:\\MERN PROJECTS\\Stock Analysis\\stock-analysis---Frontend\\src\\store\\slice\\searchQuerySlice.js": {"path":"C:\\MERN PROJECTS\\Stock Analysis\\stock-analysis---Frontend\\src\\store\\slice\\searchQuerySlice.js","statementMap":{"0":{"start":{"line":3,"column":21},"end":{"line":6,"column":1}},"1":{"start":{"line":8,"column":25},"end":{"line":19,"column":2}},"2":{"start":{"line":13,"column":12},"end":{"line":13,"column":47}},"3":{"start":{"line":16,"column":12},"end":{"line":16,"column":52}},"4":{"start":{"line":21,"column":51},"end":{"line":21,"column":75}}},"fnMap":{"0":{"name":"(anonymous_0)","decl":{"start":{"line":12,"column":24},"end":{"line":12,"column":25}},"loc":{"start":{"line":12,"column":43},"end":{"line":14,"column":9}},"line":12},"1":{"name":"(anonymous_1)","decl":{"start":{"line":15,"column":26},"end":{"line":15,"column":27}},"loc":{"start":{"line":15,"column":45},"end":{"line":17,"column":9}},"line":15}},"branchMap":{},"s":{"0":0,"1":0,"2":0,"3":0,"4":0},"f":{"0":0,"1":0},"b":{}}
,"C:\\MERN PROJECTS\\Stock Analysis\\stock-analysis---Frontend\\src\\store\\slice\\stockSlice.js": {"path":"C:\\MERN PROJECTS\\Stock Analysis\\stock-analysis---Frontend\\src\\store\\slice\\stockSlice.js","statementMap":{"0":{"start":{"line":3,"column":21},"end":{"line":5,"column":1}},"1":{"start":{"line":7,"column":26},"end":{"line":21,"column":2}},"2":{"start":{"line":12,"column":27},"end":{"line":12,"column":41}},"3":{"start":{"line":13,"column":12},"end":{"line":13,"column":45}},"4":{"start":{"line":14,"column":12},"end":{"line":14,"column":34}},"5":{"start":{"line":17,"column":12},"end":{"line":17,"column":60}},"6":{"start":{"line":18,"column":12},"end":{"line":18,"column":42}},"7":{"start":{"line":24,"column":40},"end":{"line":24,"column":58}}},"fnMap":{"0":{"name":"(anonymous_0)","decl":{"start":{"line":11,"column":18},"end":{"line":11,"column":19}},"loc":{"start":{"line":11,"column":37},"end":{"line":15,"column":9}},"line":11},"1":{"name":"(anonymous_1)","decl":{"start":{"line":16,"column":20},"end":{"line":16,"column":21}},"loc":{"start":{"line":16,"column":39},"end":{"line":19,"column":9}},"line":16}},"branchMap":{},"s":{"0":0,"1":0,"2":0,"3":0,"4":0,"5":0,"6":0,"7":0},"f":{"0":0,"1":0},"b":{}}
,"C:\\MERN PROJECTS\\Stock Analysis\\stock-analysis---Frontend\\src\\store\\slice\\themeSlice.js": {"path":"C:\\MERN PROJECTS\\Stock Analysis\\stock-analysis---Frontend\\src\\store\\slice\\themeSlice.js","statementMap":{"0":{"start":{"line":3,"column":21},"end":{"line":5,"column":1}},"1":{"start":{"line":7,"column":19},"end":{"line":16,"column":2}},"2":{"start":{"line":12,"column":6},"end":{"line":12,"column":63}},"3":{"start":{"line":13,"column":6},"end":{"line":13,"column":49}},"4":{"start":{"line":18,"column":31},"end":{"line":18,"column":49}}},"fnMap":{"0":{"name":"(anonymous_0)","decl":{"start":{"line":11,"column":17},"end":{"line":11,"column":18}},"loc":{"start":{"line":11,"column":28},"end":{"line":14,"column":5}},"line":11}},"branchMap":{"0":{"loc":{"start":{"line":4,"column":9},"end":{"line":4,"column":49}},"type":"binary-expr","locations":[{"start":{"line":4,"column":9},"end":{"line":4,"column":38}},{"start":{"line":4,"column":42},"end":{"line":4,"column":49}}],"line":4},"1":{"loc":{"start":{"line":12,"column":20},"end":{"line":12,"column":62}},"type":"cond-expr","locations":[{"start":{"line":12,"column":46},"end":{"line":12,"column":52}},{"start":{"line":12,"column":55},"end":{"line":12,"column":62}}],"line":12}},"s":{"0":0,"1":0,"2":0,"3":0,"4":0},"f":{"0":0},"b":{"0":[0,0],"1":[0,0]}}
,"C:\\MERN PROJECTS\\Stock Analysis\\stock-analysis---Frontend\\src\\store\\slice\\userSlice.js": {"path":"C:\\MERN PROJECTS\\Stock Analysis\\stock-analysis---Frontend\\src\\store\\slice\\userSlice.js","statementMap":{"0":{"start":{"line":3,"column":21},"end":{"line":5,"column":1}},"1":{"start":{"line":6,"column":25},"end":{"line":17,"column":2}},"2":{"start":{"line":11,"column":29},"end":{"line":11,"column":43}},"3":{"start":{"line":12,"column":12},"end":{"line":12,"column":49}},"4":{"start":{"line":13,"column":12},"end":{"line":13,"column":34}},"5":{"start":{"line":14,"column":12},"end":{"line":14,"column":67}},"6":{"start":{"line":19,"column":27},"end":{"line":19,"column":44}}},"fnMap":{"0":{"name":"(anonymous_0)","decl":{"start":{"line":10,"column":17},"end":{"line":10,"column":18}},"loc":{"start":{"line":10,"column":36},"end":{"line":15,"column":9}},"line":10}},"branchMap":{"0":{"loc":{"start":{"line":4,"column":10},"end":{"line":4,"column":56}},"type":"binary-expr","locations":[{"start":{"line":4,"column":10},"end":{"line":4,"column":50}},{"start":{"line":4,"column":54},"end":{"line":4,"column":56}}],"line":4}},"s":{"0":0,"1":0,"2":0,"3":0,"4":0,"5":0,"6":0},"f":{"0":0},"b":{"0":[0,0]}}
,"C:\\MERN PROJECTS\\Stock Analysis\\stock-analysis---Frontend\\src\\utility\\ultils.js": {"path":"C:\\MERN PROJECTS\\Stock Analysis\\stock-analysis---Frontend\\src\\utility\\ultils.js","statementMap":{"0":{"start":{"line":3,"column":29},"end":{"line":6,"column":1}},"1":{"start":{"line":4,"column":16},"end":{"line":4,"column":44}},"2":{"start":{"line":5,"column":2},"end":{"line":5,"column":27}},"3":{"start":{"line":8,"column":32},"end":{"line":10,"column":1}},"4":{"start":{"line":9,"column":2},"end":{"line":9,"column":30}},"5":{"start":{"line":12,"column":29},"end":{"line":19,"column":1}},"6":{"start":{"line":13,"column":2},"end":{"line":13,"column":35}},"7":{"start":{"line":14,"column":2},"end":{"line":18,"column":5}},"8":{"start":{"line":15,"column":4},"end":{"line":17,"column":5}},"9":{"start":{"line":16,"column":6},"end":{"line":16,"column":25}},"10":{"start":{"line":21,"column":30},"end":{"line":70,"column":1}}},"fnMap":{"0":{"name":"(anonymous_0)","decl":{"start":{"line":3,"column":29},"end":{"line":3,"column":30}},"loc":{"start":{"line":3,"column":40},"end":{"line":6,"column":1}},"line":3},"1":{"name":"(anonymous_1)","decl":{"start":{"line":8,"column":32},"end":{"line":8,"column":33}},"loc":{"start":{"line":8,"column":46},"end":{"line":10,"column":1}},"line":8},"2":{"name":"(anonymous_2)","decl":{"start":{"line":12,"column":29},"end":{"line":12,"column":30}},"loc":{"start":{"line":12,"column":41},"end":{"line":19,"column":1}},"line":12},"3":{"name":"(anonymous_3)","decl":{"start":{"line":14,"column":32},"end":{"line":14,"column":33}},"loc":{"start":{"line":14,"column":43},"end":{"line":18,"column":3}},"line":14}},"branchMap":{"0":{"loc":{"start":{"line":15,"column":4},"end":{"line":17,"column":5}},"type":"if","locations":[{"start":{"line":15,"column":4},"end":{"line":17,"column":5}},{"start":{},"end":{}}],"line":15}},"s":{"0":0,"1":0,"2":0,"3":0,"4":0,"5":0,"6":0,"7":0,"8":0,"9":0,"10":0},"f":{"0":0,"1":0,"2":0,"3":0},"b":{"0":[0,0]}}
}
