TN:
SF:src\App.jsx
FN:27,App
FN:28,(anonymous_1)
FN:31,(anonymous_2)
FN:36,(anonymous_3)
FN:45,(anonymous_4)
FN:46,(anonymous_5)
FN:55,(anonymous_6)
FN:56,(anonymous_7)
FN:62,(anonymous_8)
FNF:9
FNH:0
FNDA:0,App
FNDA:0,(anonymous_1)
FNDA:0,(anonymous_2)
FNDA:0,(anonymous_3)
FNDA:0,(anonymous_4)
FNDA:0,(anonymous_5)
FNDA:0,(anonymous_6)
FNDA:0,(anonymous_7)
FNDA:0,(anonymous_8)
DA:28,0
DA:29,0
DA:31,0
DA:32,0
DA:33,0
DA:36,0
DA:37,0
DA:45,0
DA:46,0
DA:47,0
DA:48,0
DA:49,0
DA:52,0
DA:55,0
DA:56,0
DA:57,0
DA:60,0
DA:62,0
DA:63,0
DA:67,0
LF:20
LH:0
BRDA:33,0,0,0
BRDA:33,0,1,0
BRDA:57,1,0,0
BRDA:57,1,1,0
BRDA:70,2,0,0
BRDA:70,2,1,0
BRDA:75,3,0,0
BRDA:75,3,1,0
BRF:8
BRH:0
end_of_record
TN:
SF:src\main.jsx
FNF:0
FNH:0
DA:9,0
LF:1
LH:0
BRF:0
BRH:0
end_of_record
TN:
SF:src\apiManager\stockApiManager.js
FN:4,(anonymous_0)
FN:22,(anonymous_1)
FN:44,(anonymous_2)
FN:60,(anonymous_3)
FN:71,(anonymous_4)
FN:83,(anonymous_5)
FN:127,(anonymous_6)
FN:132,(anonymous_7)
FN:137,(anonymous_8)
FN:153,(anonymous_9)
FN:166,(anonymous_10)
FN:178,(anonymous_11)
FN:192,(anonymous_12)
FN:208,(anonymous_13)
FN:224,(anonymous_14)
FN:236,(anonymous_15)
FN:270,(anonymous_16)
FNF:17
FNH:0
FNDA:0,(anonymous_0)
FNDA:0,(anonymous_1)
FNDA:0,(anonymous_2)
FNDA:0,(anonymous_3)
FNDA:0,(anonymous_4)
FNDA:0,(anonymous_5)
FNDA:0,(anonymous_6)
FNDA:0,(anonymous_7)
FNDA:0,(anonymous_8)
FNDA:0,(anonymous_9)
FNDA:0,(anonymous_10)
FNDA:0,(anonymous_11)
FNDA:0,(anonymous_12)
FNDA:0,(anonymous_13)
FNDA:0,(anonymous_14)
FNDA:0,(anonymous_15)
FNDA:0,(anonymous_16)
DA:4,0
DA:5,0
DA:6,0
DA:7,0
DA:12,0
DA:15,0
DA:16,0
DA:18,0
DA:22,0
DA:23,0
DA:24,0
DA:25,0
DA:26,0
DA:30,0
DA:32,0
DA:35,0
DA:36,0
DA:38,0
DA:40,0
DA:44,0
DA:45,0
DA:46,0
DA:47,0
DA:54,0
DA:56,0
DA:60,0
DA:61,0
DA:62,0
DA:68,0
DA:71,0
DA:72,0
DA:73,0
DA:80,0
DA:83,0
DA:84,0
DA:85,0
DA:86,0
DA:94,0
DA:95,0
DA:96,0
DA:97,0
DA:98,0
DA:102,0
DA:103,0
DA:106,0
DA:107,0
DA:110,0
DA:111,0
DA:112,0
DA:113,0
DA:114,0
DA:115,0
DA:116,0
DA:119,0
DA:120,0
DA:122,0
DA:123,0
DA:127,0
DA:128,0
DA:129,0
DA:132,0
DA:133,0
DA:134,0
DA:137,0
DA:138,0
DA:139,0
DA:143,0
DA:145,0
DA:148,0
DA:150,0
DA:153,0
DA:154,0
DA:155,0
DA:160,0
DA:163,0
DA:166,0
DA:167,0
DA:168,0
DA:175,0
DA:178,0
DA:179,0
DA:180,0
DA:189,0
DA:192,0
DA:193,0
DA:194,0
DA:205,0
DA:208,0
DA:209,0
DA:210,0
DA:221,0
DA:224,0
DA:225,0
DA:233,0
DA:236,0
DA:237,0
DA:238,0
DA:246,0
DA:248,0
DA:249,0
DA:252,0
DA:254,0
DA:256,0
DA:257,0
DA:258,0
DA:260,0
DA:261,0
DA:264,0
DA:265,0
DA:266,0
DA:270,0
DA:272,0
DA:273,0
DA:275,0
DA:276,0
DA:284,0
DA:285,0
DA:288,0
DA:289,0
DA:293,0
DA:294,0
DA:300,0
DA:301,0
DA:302,0
DA:303,0
DA:306,0
DA:309,0
DA:310,0
DA:313,0
DA:314,0
DA:317,0
DA:318,0
DA:322,0
DA:324,0
DA:325,0
LF:135
LH:0
BRDA:12,0,0,0
BRDA:12,0,1,0
BRDA:30,1,0,0
BRDA:30,1,1,0
BRDA:32,2,0,0
BRDA:32,2,1,0
BRDA:94,3,0,0
BRDA:94,3,1,0
BRDA:113,4,0,0
BRDA:113,4,1,0
BRDA:143,5,0,0
BRDA:143,5,1,0
BRDA:145,6,0,0
BRDA:145,6,1,0
BRDA:160,7,0,0
BRDA:160,7,1,0
BRDA:246,8,0,0
BRDA:246,8,1,0
BRDA:254,9,0,0
BRDA:254,9,1,0
BRDA:270,10,0,0
BRDA:275,11,0,0
BRDA:275,11,1,0
BRDA:288,12,0,0
BRDA:288,12,1,0
BRDA:293,13,0,0
BRDA:293,13,1,0
BRDA:300,14,0,0
BRDA:300,14,1,0
BRDA:313,15,0,0
BRDA:313,15,1,0
BRF:31
BRH:0
end_of_record
TN:
SF:src\components\AdminRoutes.jsx
FN:6,(anonymous_0)
FN:7,(anonymous_1)
FNF:2
FNH:0
FNDA:0,(anonymous_0)
FNDA:0,(anonymous_1)
DA:6,0
DA:7,0
DA:9,0
DA:10,0
DA:13,0
LF:5
LH:0
BRDA:9,0,0,0
BRDA:9,0,1,0
BRF:2
BRH:0
end_of_record
TN:
SF:src\components\Alert.jsx
FN:3,(anonymous_0)
FN:33,(anonymous_1)
FNF:2
FNH:0
FNDA:0,(anonymous_0)
FNDA:0,(anonymous_1)
DA:3,0
DA:9,0
DA:10,0
DA:12,0
DA:34,0
DA:35,0
LF:6
LH:0
BRDA:10,0,0,0
BRDA:10,0,1,0
BRF:2
BRH:0
end_of_record
TN:
SF:src\components\AuthRedirect.jsx
FN:4,(anonymous_0)
FN:8,(anonymous_1)
FNF:2
FNH:0
FNDA:0,(anonymous_0)
FNDA:0,(anonymous_1)
DA:4,0
DA:5,0
DA:6,0
DA:8,0
DA:9,0
DA:10,0
DA:14,0
LF:7
LH:0
BRDA:9,0,0,0
BRDA:9,0,1,0
BRF:2
BRH:0
end_of_record
TN:
SF:src\components\CompanyCard.jsx
FN:6,(anonymous_0)
FN:10,CompanyCard
FN:25,(anonymous_2)
FN:28,(anonymous_3)
FN:54,(anonymous_4)
FN:63,(anonymous_5)
FNF:6
FNH:0
FNDA:0,(anonymous_0)
FNDA:0,CompanyCard
FNDA:0,(anonymous_2)
FNDA:0,(anonymous_3)
FNDA:0,(anonymous_4)
FNDA:0,(anonymous_5)
DA:6,0
DA:7,0
DA:13,0
DA:17,0
DA:23,0
DA:25,0
DA:26,0
DA:28,0
DA:29,0
DA:31,0
DA:54,0
DA:63,0
LF:12
LH:0
BRDA:13,0,0,0
BRDA:13,0,1,0
BRDA:17,1,0,0
BRDA:17,1,1,0
BRDA:23,2,0,0
BRDA:23,2,1,0
BRDA:29,3,0,0
BRDA:29,3,1,0
BRDA:41,4,0,0
BRDA:41,4,1,0
BRDA:49,5,0,0
BRDA:49,5,1,0
BRF:12
BRH:0
end_of_record
TN:
SF:src\components\InfoButton.jsx
FN:3,InfoButton
FN:9,(anonymous_1)
FN:10,(anonymous_2)
FNF:3
FNH:0
FNDA:0,InfoButton
FNDA:0,(anonymous_1)
FNDA:0,(anonymous_2)
DA:4,0
DA:6,0
DA:9,0
DA:10,0
LF:4
LH:0
BRDA:17,0,0,0
BRDA:17,0,1,0
BRF:2
BRH:0
end_of_record
TN:
SF:src\components\Loading.jsx
FN:4,Loading
FNF:1
FNH:0
FNDA:0,Loading
DA:5,0
LF:1
LH:0
BRDA:4,0,0,0
BRF:1
BRH:0
end_of_record
TN:
SF:src\components\Navbar.jsx
FN:11,Navbar
FN:12,(anonymous_1)
FN:21,(anonymous_2)
FN:27,(anonymous_3)
FN:28,handleClickOutside
FN:41,(anonymous_5)
FN:91,(anonymous_6)
FN:147,(anonymous_7)
FN:238,(anonymous_8)
FNF:9
FNH:0
FNDA:0,Navbar
FNDA:0,(anonymous_1)
FNDA:0,(anonymous_2)
FNDA:0,(anonymous_3)
FNDA:0,handleClickOutside
FNDA:0,(anonymous_5)
FNDA:0,(anonymous_6)
FNDA:0,(anonymous_7)
FNDA:0,(anonymous_8)
DA:12,0
DA:13,0
DA:14,0
DA:15,0
DA:16,0
DA:17,0
DA:18,0
DA:19,0
DA:21,0
DA:22,0
DA:23,0
DA:27,0
DA:29,0
DA:33,0
DA:35,0
DA:36,0
DA:40,0
DA:41,0
DA:42,0
DA:45,0
DA:92,0
DA:93,0
DA:148,0
DA:149,0
DA:238,0
LF:25
LH:0
BRDA:19,0,0,0
BRDA:19,0,1,0
BRDA:29,1,0,0
BRDA:29,1,1,0
BRDA:30,2,0,0
BRDA:30,2,1,0
BRDA:35,3,0,0
BRDA:35,3,1,0
BRDA:35,4,0,0
BRDA:35,4,1,0
BRDA:59,5,0,0
BRDA:59,5,1,0
BRDA:108,6,0,0
BRDA:108,6,1,0
BRDA:114,7,0,0
BRDA:114,7,1,0
BRDA:165,8,0,0
BRDA:165,8,1,0
BRDA:173,9,0,0
BRDA:173,9,1,0
BRDA:204,10,0,0
BRDA:204,10,1,0
BRDA:232,11,0,0
BRDA:232,11,1,0
BRDA:241,12,0,0
BRDA:241,12,1,0
BRDA:246,13,0,0
BRDA:246,13,1,0
BRDA:248,14,0,0
BRDA:248,14,1,0
BRDA:335,15,0,0
BRDA:335,15,1,0
BRF:32
BRH:0
end_of_record
TN:
SF:src\components\NotFound.jsx
FN:4,(anonymous_0)
FN:38,(anonymous_1)
FNF:2
FNH:0
FNDA:0,(anonymous_0)
FNDA:0,(anonymous_1)
DA:4,0
DA:6,0
DA:38,0
LF:3
LH:0
BRF:0
BRH:0
end_of_record
TN:
SF:src\components\Pagination.jsx
FN:3,(anonymous_0)
FN:25,(anonymous_1)
FN:40,(anonymous_2)
FN:54,(anonymous_3)
FN:57,(anonymous_4)
FN:77,(anonymous_5)
FN:87,(anonymous_6)
FNF:7
FNH:0
FNDA:0,(anonymous_0)
FNDA:0,(anonymous_1)
FNDA:0,(anonymous_2)
FNDA:0,(anonymous_3)
FNDA:0,(anonymous_4)
FNDA:0,(anonymous_5)
FNDA:0,(anonymous_6)
DA:3,0
DA:4,0
DA:7,0
DA:8,0
DA:9,0
DA:11,0
DA:12,0
DA:16,0
DA:17,0
DA:20,0
DA:25,0
DA:40,0
DA:55,0
DA:57,0
DA:77,0
DA:87,0
LF:16
LH:0
BRDA:11,0,0,0
BRDA:11,0,1,0
BRDA:28,1,0,0
BRDA:28,1,1,0
BRDA:37,2,0,0
BRDA:37,2,1,0
BRDA:45,3,0,0
BRDA:45,3,1,0
BRDA:59,4,0,0
BRDA:59,4,1,0
BRDA:69,5,0,0
BRDA:69,5,1,0
BRDA:71,6,0,0
BRDA:71,6,1,0
BRDA:90,7,0,0
BRDA:90,7,1,0
BRF:16
BRH:0
end_of_record
TN:
SF:src\components\PieChart.jsx
FN:7,PieChart
FNF:1
FNH:0
FNDA:0,PieChart
DA:5,0
DA:8,0
DA:9,0
DA:43,0
LF:4
LH:0
BRF:0
BRH:0
end_of_record
TN:
SF:src\components\ProtectedRoutes.jsx
FN:4,(anonymous_0)
FNF:1
FNH:0
FNDA:0,(anonymous_0)
DA:4,0
DA:5,0
DA:7,0
DA:8,0
DA:11,0
LF:5
LH:0
BRDA:7,0,0,0
BRDA:7,0,1,0
BRF:2
BRH:0
end_of_record
TN:
SF:src\components\Search.jsx
FN:6,Search
FN:15,(anonymous_1)
FN:16,(anonymous_2)
FN:19,(anonymous_3)
FN:26,(anonymous_4)
FN:34,(anonymous_5)
FN:45,(anonymous_6)
FN:46,(anonymous_7)
FN:56,(anonymous_8)
FN:61,(anonymous_9)
FN:74,(anonymous_10)
FN:77,(anonymous_11)
FN:85,(anonymous_12)
FN:107,(anonymous_13)
FN:109,(anonymous_14)
FN:124,(anonymous_15)
FN:126,(anonymous_16)
FN:155,(anonymous_17)
FN:161,(anonymous_18)
FNF:19
FNH:0
FNDA:0,Search
FNDA:0,(anonymous_1)
FNDA:0,(anonymous_2)
FNDA:0,(anonymous_3)
FNDA:0,(anonymous_4)
FNDA:0,(anonymous_5)
FNDA:0,(anonymous_6)
FNDA:0,(anonymous_7)
FNDA:0,(anonymous_8)
FNDA:0,(anonymous_9)
FNDA:0,(anonymous_10)
FNDA:0,(anonymous_11)
FNDA:0,(anonymous_12)
FNDA:0,(anonymous_13)
FNDA:0,(anonymous_14)
FNDA:0,(anonymous_15)
FNDA:0,(anonymous_16)
FNDA:0,(anonymous_17)
FNDA:0,(anonymous_18)
DA:7,0
DA:8,0
DA:9,0
DA:10,0
DA:11,0
DA:12,0
DA:14,0
DA:15,0
DA:16,0
DA:17,0
DA:19,0
DA:20,0
DA:21,0
DA:26,0
DA:27,0
DA:28,0
DA:29,0
DA:30,0
DA:33,0
DA:35,0
DA:39,0
DA:40,0
DA:41,0
DA:45,0
DA:46,0
DA:47,0
DA:51,0
DA:55,0
DA:56,0
DA:57,0
DA:61,0
DA:62,0
DA:63,0
DA:64,0
DA:65,0
DA:66,0
DA:67,0
DA:70,0
DA:74,0
DA:75,0
DA:76,0
DA:77,0
DA:78,0
DA:79,0
DA:80,0
DA:83,0
DA:84,0
DA:85,0
DA:86,0
DA:87,0
DA:88,0
DA:91,0
DA:92,0
DA:93,0
DA:94,0
DA:95,0
DA:96,0
DA:97,0
DA:99,0
DA:102,0
DA:103,0
DA:107,0
DA:108,0
DA:109,0
DA:110,0
DA:111,0
DA:114,0
DA:124,0
DA:127,0
DA:156,0
DA:161,0
LF:71
LH:0
BRDA:20,0,0,0
BRDA:20,0,1,0
BRDA:27,1,0,0
BRDA:27,1,1,0
BRDA:35,2,0,0
BRDA:35,2,1,0
BRDA:47,3,0,0
BRDA:47,3,1,0
BRDA:48,4,0,0
BRDA:48,4,1,0
BRDA:64,5,0,0
BRDA:64,5,1,0
BRDA:75,6,0,0
BRDA:75,6,1,0
BRDA:78,7,0,0
BRDA:78,7,1,0
BRDA:79,8,0,0
BRDA:79,8,1,0
BRDA:83,9,0,0
BRDA:83,9,1,0
BRDA:86,10,0,0
BRDA:86,10,1,0
BRDA:87,11,0,0
BRDA:87,11,1,0
BRDA:91,12,0,0
BRDA:91,12,1,0
BRDA:93,13,0,0
BRDA:93,13,1,0
BRDA:93,14,0,0
BRDA:93,14,1,0
BRDA:102,15,0,0
BRDA:102,15,1,0
BRDA:116,16,0,0
BRDA:116,16,1,0
BRDA:121,17,0,0
BRDA:121,17,1,0
BRDA:127,18,0,0
BRDA:127,18,1,0
BRDA:127,18,2,0
BRDA:153,19,0,0
BRDA:153,19,1,0
BRDA:153,19,2,0
BRDA:159,20,0,0
BRDA:159,20,1,0
BRF:44
BRH:0
end_of_record
TN:
SF:src\pages\About.jsx
FN:4,(anonymous_0)
FN:5,(anonymous_1)
FNF:2
FNH:2
FNDA:2,(anonymous_0)
FNDA:4,(anonymous_1)
DA:4,2
DA:5,4
DA:6,2
LF:3
LH:3
BRDA:9,0,0,0
BRDA:9,0,1,2
BRF:2
BRH:1
end_of_record
TN:
SF:src\pages\Company.jsx
FN:13,(anonymous_0)
FN:20,Company
FN:28,(anonymous_2)
FN:29,(anonymous_3)
FN:30,(anonymous_4)
FN:33,(anonymous_5)
FN:34,(anonymous_6)
FN:49,(anonymous_7)
FN:52,(anonymous_8)
FN:56,(anonymous_9)
FN:81,(anonymous_10)
FN:87,(anonymous_11)
FN:99,(anonymous_12)
FN:104,(anonymous_13)
FN:134,(anonymous_14)
FN:139,(anonymous_15)
FN:163,(anonymous_16)
FNF:17
FNH:0
FNDA:0,(anonymous_0)
FNDA:0,Company
FNDA:0,(anonymous_2)
FNDA:0,(anonymous_3)
FNDA:0,(anonymous_4)
FNDA:0,(anonymous_5)
FNDA:0,(anonymous_6)
FNDA:0,(anonymous_7)
FNDA:0,(anonymous_8)
FNDA:0,(anonymous_9)
FNDA:0,(anonymous_10)
FNDA:0,(anonymous_11)
FNDA:0,(anonymous_12)
FNDA:0,(anonymous_13)
FNDA:0,(anonymous_14)
FNDA:0,(anonymous_15)
FNDA:0,(anonymous_16)
DA:13,0
DA:14,0
DA:15,0
DA:16,0
DA:17,0
DA:21,0
DA:22,0
DA:23,0
DA:24,0
DA:25,0
DA:26,0
DA:28,0
DA:29,0
DA:30,0
DA:33,0
DA:34,0
DA:35,0
DA:36,0
DA:38,0
DA:43,0
DA:46,0
DA:49,0
DA:52,0
DA:53,0
DA:56,0
DA:58,0
DA:64,0
DA:68,0
DA:72,0
DA:73,0
DA:74,0
DA:78,0
DA:81,0
DA:82,0
DA:84,0
DA:87,0
DA:88,0
DA:89,0
DA:90,0
DA:91,0
DA:92,0
DA:94,0
DA:96,0
DA:99,0
DA:100,0
DA:104,0
DA:105,0
DA:108,0
DA:109,0
DA:134,0
DA:139,0
DA:164,0
LF:52
LH:0
BRDA:14,0,0,0
BRDA:14,0,1,0
BRDA:15,1,0,0
BRDA:15,1,1,0
BRDA:16,2,0,0
BRDA:16,2,1,0
BRDA:35,3,0,0
BRDA:35,3,1,0
BRDA:58,4,0,0
BRDA:58,4,1,0
BRDA:58,4,2,0
BRDA:58,4,3,0
BRDA:64,5,0,0
BRDA:64,5,1,0
BRDA:68,6,0,0
BRDA:68,6,1,0
BRDA:90,7,0,0
BRDA:90,7,1,0
BRDA:108,8,0,0
BRDA:108,8,1,0
BRDA:110,9,0,0
BRDA:110,9,1,0
BRDA:154,10,0,0
BRDA:154,10,1,0
BRDA:162,11,0,0
BRDA:162,11,1,0
BRDA:180,12,0,0
BRDA:180,12,1,0
BRF:28
BRH:0
end_of_record
TN:
SF:src\pages\Home.jsx
FN:8,Home
FN:17,(anonymous_1)
FN:18,(anonymous_2)
FNF:3
FNH:0
FNDA:0,Home
FNDA:0,(anonymous_1)
FNDA:0,(anonymous_2)
DA:9,0
DA:15,0
DA:17,0
DA:18,0
DA:19,0
DA:20,0
DA:21,0
DA:22,0
DA:24,0
DA:28,0
DA:32,0
LF:11
LH:0
BRF:0
BRH:0
end_of_record
TN:
SF:src\pages\Login.jsx
FN:12,Login
FN:18,(anonymous_1)
FN:20,(anonymous_2)
FN:60,(anonymous_3)
FNF:4
FNH:0
FNDA:0,Login
FNDA:0,(anonymous_1)
FNDA:0,(anonymous_2)
FNDA:0,(anonymous_3)
DA:13,0
DA:14,0
DA:15,0
DA:16,0
DA:17,0
DA:18,0
DA:20,0
DA:21,0
DA:22,0
DA:23,0
DA:25,0
DA:26,0
DA:27,0
DA:28,0
DA:29,0
DA:30,0
DA:33,0
DA:34,0
DA:35,0
DA:36,0
DA:37,0
DA:38,0
DA:41,0
DA:42,0
DA:43,0
DA:44,0
DA:47,0
DA:48,0
DA:50,0
DA:51,0
DA:52,0
DA:53,0
DA:54,0
DA:56,0
DA:60,0
DA:61,0
DA:62,0
DA:65,0
LF:38
LH:0
BRDA:13,0,0,0
BRDA:13,0,1,0
BRDA:25,1,0,0
BRDA:25,1,1,0
BRDA:28,2,0,0
BRDA:28,2,1,0
BRDA:33,3,0,0
BRDA:33,3,1,0
BRDA:36,4,0,0
BRDA:36,4,1,0
BRDA:41,5,0,0
BRDA:41,5,1,0
BRDA:50,6,0,0
BRDA:50,6,1,0
BRF:14
BRH:0
end_of_record
TN:
SF:src\pages\MutualFund.jsx
FN:24,(anonymous_0)
FN:37,(anonymous_1)
FN:38,(anonymous_2)
FN:39,(anonymous_3)
FN:40,(anonymous_4)
FN:45,(anonymous_5)
FN:46,(anonymous_6)
FN:62,(anonymous_7)
FN:76,(anonymous_8)
FN:81,(anonymous_9)
FN:84,(anonymous_10)
FN:101,(anonymous_11)
FN:104,(anonymous_12)
FN:132,(anonymous_13)
FN:133,(anonymous_14)
FN:141,(anonymous_15)
FN:146,(anonymous_16)
FN:151,(anonymous_17)
FN:165,(anonymous_18)
FN:170,(anonymous_19)
FN:178,(anonymous_20)
FN:183,(anonymous_21)
FN:188,(anonymous_22)
FN:196,(anonymous_23)
FN:243,(anonymous_24)
FN:252,(anonymous_25)
FN:254,(anonymous_26)
FN:267,(anonymous_27)
FN:282,(anonymous_28)
FN:295,(anonymous_29)
FN:345,(anonymous_30)
FN:353,(anonymous_31)
FN:360,(anonymous_32)
FN:423,(anonymous_33)
FN:434,(anonymous_34)
FNF:35
FNH:0
FNDA:0,(anonymous_0)
FNDA:0,(anonymous_1)
FNDA:0,(anonymous_2)
FNDA:0,(anonymous_3)
FNDA:0,(anonymous_4)
FNDA:0,(anonymous_5)
FNDA:0,(anonymous_6)
FNDA:0,(anonymous_7)
FNDA:0,(anonymous_8)
FNDA:0,(anonymous_9)
FNDA:0,(anonymous_10)
FNDA:0,(anonymous_11)
FNDA:0,(anonymous_12)
FNDA:0,(anonymous_13)
FNDA:0,(anonymous_14)
FNDA:0,(anonymous_15)
FNDA:0,(anonymous_16)
FNDA:0,(anonymous_17)
FNDA:0,(anonymous_18)
FNDA:0,(anonymous_19)
FNDA:0,(anonymous_20)
FNDA:0,(anonymous_21)
FNDA:0,(anonymous_22)
FNDA:0,(anonymous_23)
FNDA:0,(anonymous_24)
FNDA:0,(anonymous_25)
FNDA:0,(anonymous_26)
FNDA:0,(anonymous_27)
FNDA:0,(anonymous_28)
FNDA:0,(anonymous_29)
FNDA:0,(anonymous_30)
FNDA:0,(anonymous_31)
FNDA:0,(anonymous_32)
FNDA:0,(anonymous_33)
FNDA:0,(anonymous_34)
DA:24,0
DA:25,0
DA:26,0
DA:27,0
DA:28,0
DA:29,0
DA:33,0
DA:34,0
DA:35,0
DA:36,0
DA:37,0
DA:38,0
DA:39,0
DA:40,0
DA:41,0
DA:42,0
DA:43,0
DA:44,0
DA:45,0
DA:46,0
DA:47,0
DA:48,0
DA:49,0
DA:50,0
DA:51,0
DA:53,0
DA:55,0
DA:59,0
DA:62,0
DA:63,0
DA:64,0
DA:65,0
DA:66,0
DA:67,0
DA:68,0
DA:69,0
DA:71,0
DA:73,0
DA:76,0
DA:77,0
DA:78,0
DA:81,0
DA:82,0
DA:85,0
DA:101,0
DA:104,0
DA:105,0
DA:108,0
DA:109,0
DA:131,0
DA:132,0
DA:133,0
DA:134,0
DA:140,0
DA:141,0
DA:145,0
DA:146,0
DA:150,0
DA:151,0
DA:152,0
DA:153,0
DA:155,0
DA:156,0
DA:158,0
DA:161,0
DA:162,0
DA:165,0
DA:166,0
DA:167,0
DA:170,0
DA:171,0
DA:172,0
DA:173,0
DA:175,0
DA:178,0
DA:179,0
DA:180,0
DA:183,0
DA:184,0
DA:185,0
DA:188,0
DA:189,0
DA:190,0
DA:192,0
DA:196,0
DA:197,0
DA:198,0
DA:202,0
DA:203,0
DA:204,0
DA:209,0
DA:211,0
DA:212,0
DA:215,0
DA:243,0
DA:252,0
DA:255,0
DA:267,0
DA:282,0
DA:296,0
DA:346,0
DA:353,0
DA:360,0
DA:424,0
DA:425,0
DA:435,0
DA:436,0
LF:107
LH:0
BRDA:42,0,0,0
BRDA:42,0,1,0
BRDA:66,1,0,0
BRDA:66,1,1,0
BRDA:88,2,0,0
BRDA:88,2,1,0
BRDA:108,3,0,0
BRDA:108,3,1,0
BRDA:140,4,0,0
BRDA:140,4,1,0
BRDA:145,5,0,0
BRDA:145,5,1,0
BRDA:150,6,0,0
BRDA:150,6,1,0
BRDA:152,7,0,0
BRDA:152,7,1,0
BRDA:153,8,0,0
BRDA:153,8,1,0
BRDA:155,9,0,0
BRDA:155,9,1,0
BRDA:156,10,0,0
BRDA:156,10,1,0
BRDA:172,11,0,0
BRDA:172,11,1,0
BRDA:172,12,0,0
BRDA:172,12,1,0
BRDA:180,13,0,0
BRDA:180,13,1,0
BRDA:184,14,0,0
BRDA:184,14,1,0
BRDA:189,15,0,0
BRDA:189,15,1,0
BRDA:211,16,0,0
BRDA:211,16,1,0
BRDA:218,17,0,0
BRDA:218,17,1,0
BRDA:299,18,0,0
BRDA:299,18,1,0
BRDA:305,19,0,0
BRDA:305,19,1,0
BRDA:339,20,0,0
BRDA:339,20,1,0
BRDA:378,21,0,0
BRDA:378,21,1,0
BRDA:380,22,0,0
BRDA:380,22,1,0
BRDA:392,23,0,0
BRDA:392,23,1,0
BRDA:394,24,0,0
BRDA:394,24,1,0
BRDA:406,25,0,0
BRDA:406,25,1,0
BRDA:408,26,0,0
BRDA:408,26,1,0
BRDA:418,27,0,0
BRDA:418,27,1,0
BRDA:446,28,0,0
BRDA:446,28,1,0
BRDA:455,29,0,0
BRDA:455,29,1,0
BRDA:588,30,0,0
BRDA:588,30,1,0
BRDA:617,31,0,0
BRDA:617,31,1,0
BRDA:619,32,0,0
BRDA:619,32,1,0
BRDA:621,33,0,0
BRDA:621,33,1,0
BRDA:623,34,0,0
BRDA:623,34,1,0
BRDA:630,35,0,0
BRDA:630,35,1,0
BRDA:632,36,0,0
BRDA:632,36,1,0
BRDA:634,37,0,0
BRDA:634,37,1,0
BRDA:636,38,0,0
BRDA:636,38,1,0
BRDA:687,39,0,0
BRDA:687,39,1,0
BRF:80
BRH:0
end_of_record
TN:
SF:src\pages\Signup.jsx
FN:11,(anonymous_0)
FN:19,(anonymous_1)
FN:21,(anonymous_2)
FN:66,(anonymous_3)
FNF:4
FNH:0
FNDA:0,(anonymous_0)
FNDA:0,(anonymous_1)
FNDA:0,(anonymous_2)
FNDA:0,(anonymous_3)
DA:11,0
DA:12,0
DA:17,0
DA:18,0
DA:19,0
DA:21,0
DA:22,0
DA:23,0
DA:24,0
DA:26,0
DA:27,0
DA:28,0
DA:31,0
DA:32,0
DA:33,0
DA:34,0
DA:35,0
DA:36,0
DA:39,0
DA:40,0
DA:41,0
DA:42,0
DA:43,0
DA:44,0
DA:47,0
DA:48,0
DA:49,0
DA:50,0
DA:53,0
DA:55,0
DA:56,0
DA:57,0
DA:58,0
DA:59,0
DA:60,0
DA:62,0
DA:66,0
DA:67,0
DA:70,0
LF:39
LH:0
BRDA:26,0,0,0
BRDA:26,0,1,0
BRDA:31,1,0,0
BRDA:31,1,1,0
BRDA:34,2,0,0
BRDA:34,2,1,0
BRDA:39,3,0,0
BRDA:39,3,1,0
BRDA:42,4,0,0
BRDA:42,4,1,0
BRDA:47,5,0,0
BRDA:47,5,1,0
BRDA:56,6,0,0
BRDA:56,6,1,0
BRF:14
BRH:0
end_of_record
TN:
SF:src\pages\Stocks.jsx
FN:10,Stocks
FN:15,(anonymous_1)
FN:16,(anonymous_2)
FN:19,(anonymous_3)
FN:45,(anonymous_4)
FN:57,(anonymous_5)
FNF:6
FNH:0
FNDA:0,Stocks
FNDA:0,(anonymous_1)
FNDA:0,(anonymous_2)
FNDA:0,(anonymous_3)
FNDA:0,(anonymous_4)
FNDA:0,(anonymous_5)
DA:11,0
DA:12,0
DA:13,0
DA:14,0
DA:15,0
DA:16,0
DA:17,0
DA:19,0
DA:20,0
DA:21,0
DA:22,0
DA:23,0
DA:30,0
DA:31,0
DA:32,0
DA:33,0
DA:35,0
DA:36,0
DA:39,0
DA:41,0
DA:45,0
DA:46,0
DA:48,0
DA:53,0
DA:54,0
DA:57,0
DA:58,0
DA:61,0
DA:78,0
DA:81,0
LF:30
LH:0
BRDA:32,0,0,0
BRDA:32,0,1,0
BRDA:46,1,0,0
BRDA:46,1,1,0
BRDA:53,2,0,0
BRDA:53,2,1,0
BRDA:58,3,0,0
BRDA:58,3,1,0
BRDA:78,4,0,0
BRDA:78,4,1,0
BRDA:82,5,0,0
BRDA:82,5,1,0
BRDA:109,6,0,0
BRDA:109,6,1,0
BRDA:197,7,0,0
BRDA:197,7,1,0
BRF:16
BRH:0
end_of_record
TN:
SF:src\pages\admin\CreateMutualFund.jsx
FN:9,(anonymous_0)
FN:33,(anonymous_1)
FN:38,(anonymous_2)
FN:67,(anonymous_3)
FN:81,(anonymous_4)
FN:106,(anonymous_5)
FN:112,(anonymous_6)
FN:114,(anonymous_7)
FN:117,(anonymous_8)
FN:277,(anonymous_9)
FN:302,(anonymous_10)
FN:653,(anonymous_11)
FNF:12
FNH:0
FNDA:0,(anonymous_0)
FNDA:0,(anonymous_1)
FNDA:0,(anonymous_2)
FNDA:0,(anonymous_3)
FNDA:0,(anonymous_4)
FNDA:0,(anonymous_5)
FNDA:0,(anonymous_6)
FNDA:0,(anonymous_7)
FNDA:0,(anonymous_8)
FNDA:0,(anonymous_9)
FNDA:0,(anonymous_10)
FNDA:0,(anonymous_11)
DA:9,0
DA:10,0
DA:33,0
DA:34,0
DA:35,0
DA:36,0
DA:38,0
DA:39,0
DA:41,0
DA:42,0
DA:43,0
DA:44,0
DA:45,0
DA:46,0
DA:47,0
DA:48,0
DA:51,0
DA:67,0
DA:68,0
DA:69,0
DA:70,0
DA:71,0
DA:74,0
DA:75,0
DA:77,0
DA:78,0
DA:81,0
DA:82,0
DA:83,0
DA:84,0
DA:86,0
DA:87,0
DA:88,0
DA:89,0
DA:90,0
DA:91,0
DA:92,0
DA:93,0
DA:95,0
DA:96,0
DA:99,0
DA:100,0
DA:101,0
DA:103,0
DA:106,0
DA:107,0
DA:112,0
DA:113,0
DA:114,0
DA:116,0
DA:117,0
DA:121,0
DA:123,0
DA:151,0
DA:278,0
DA:303,0
DA:654,0
DA:676,0
LF:58
LH:0
BRDA:41,0,0,0
BRDA:41,0,1,0
BRDA:43,1,0,0
BRDA:43,1,1,0
BRDA:44,2,0,0
BRDA:44,2,1,0
BRDA:46,3,0,0
BRDA:46,3,1,0
BRDA:47,4,0,0
BRDA:47,4,1,0
BRDA:68,5,0,0
BRDA:68,5,1,0
BRDA:70,6,0,0
BRDA:70,6,1,0
BRDA:74,7,0,0
BRDA:74,7,1,0
BRDA:83,8,0,0
BRDA:83,8,1,0
BRDA:88,9,0,0
BRDA:88,9,1,0
BRDA:116,10,0,0
BRDA:116,10,1,0
BRDA:162,11,0,0
BRDA:162,11,1,0
BRDA:191,12,0,0
BRDA:191,12,1,0
BRDA:194,13,0,0
BRDA:194,13,1,0
BRDA:210,14,0,0
BRDA:210,14,1,0
BRDA:213,15,0,0
BRDA:213,15,1,0
BRDA:227,16,0,0
BRDA:227,16,1,0
BRDA:230,17,0,0
BRDA:230,17,1,0
BRDA:246,18,0,0
BRDA:246,18,1,0
BRDA:249,19,0,0
BRDA:249,19,1,0
BRDA:273,20,0,0
BRDA:273,20,1,0
BRDA:283,21,0,0
BRDA:283,21,1,0
BRDA:296,22,0,0
BRDA:296,22,1,0
BRDA:301,23,0,0
BRDA:301,23,1,0
BRDA:308,24,0,0
BRDA:308,24,1,0
BRDA:367,25,0,0
BRDA:367,25,1,0
BRDA:370,26,0,0
BRDA:370,26,1,0
BRDA:384,27,0,0
BRDA:384,27,1,0
BRDA:387,28,0,0
BRDA:387,28,1,0
BRDA:404,29,0,0
BRDA:404,29,1,0
BRDA:407,30,0,0
BRDA:407,30,1,0
BRDA:423,31,0,0
BRDA:423,31,1,0
BRDA:426,32,0,0
BRDA:426,32,1,0
BRDA:453,33,0,0
BRDA:453,33,1,0
BRDA:464,34,0,0
BRDA:464,34,1,0
BRDA:480,35,0,0
BRDA:480,35,1,0
BRDA:491,36,0,0
BRDA:491,36,1,0
BRDA:507,37,0,0
BRDA:507,37,1,0
BRDA:518,38,0,0
BRDA:518,38,1,0
BRDA:534,39,0,0
BRDA:534,39,1,0
BRDA:545,40,0,0
BRDA:545,40,1,0
BRDA:561,41,0,0
BRDA:561,41,1,0
BRDA:572,42,0,0
BRDA:572,42,1,0
BRDA:596,43,0,0
BRDA:596,43,1,0
BRDA:599,44,0,0
BRDA:599,44,1,0
BRDA:616,45,0,0
BRDA:616,45,1,0
BRDA:619,46,0,0
BRDA:619,46,1,0
BRDA:636,47,0,0
BRDA:636,47,1,0
BRDA:639,48,0,0
BRDA:639,48,1,0
BRDA:686,49,0,0
BRDA:686,49,1,0
BRF:100
BRH:0
end_of_record
TN:
SF:src\pages\admin\CreateStock.jsx
FN:9,(anonymous_0)
FN:38,(anonymous_1)
FN:81,(anonymous_2)
FN:96,(anonymous_3)
FN:102,(anonymous_4)
FNF:5
FNH:0
FNDA:0,(anonymous_0)
FNDA:0,(anonymous_1)
FNDA:0,(anonymous_2)
FNDA:0,(anonymous_3)
FNDA:0,(anonymous_4)
DA:9,0
DA:17,0
DA:38,0
DA:39,0
DA:79,0
DA:81,0
DA:82,0
DA:83,0
DA:86,0
DA:93,0
DA:96,0
DA:102,0
DA:103,0
DA:105,0
DA:106,0
DA:107,0
DA:108,0
DA:109,0
DA:111,0
DA:114,0
DA:115,0
DA:117,0
DA:121,0
LF:23
LH:0
BRDA:14,0,0,0
BRDA:15,1,0,0
BRDA:23,2,0,0
BRDA:23,2,1,0
BRDA:86,3,0,0
BRDA:86,3,1,0
BRDA:87,4,0,0
BRDA:87,4,1,0
BRDA:87,4,2,0
BRDA:87,4,3,0
BRDA:87,4,4,0
BRDA:93,5,0,0
BRDA:93,5,1,0
BRDA:108,6,0,0
BRDA:108,6,1,0
BRDA:115,7,0,0
BRDA:115,7,1,0
BRF:17
BRH:0
end_of_record
TN:
SF:src\pages\admin\UpdateMutualFund.jsx
FN:13,(anonymous_0)
FN:37,(anonymous_1)
FN:44,(anonymous_2)
FN:49,(anonymous_3)
FN:61,(anonymous_4)
FN:75,(anonymous_5)
FN:104,(anonymous_6)
FN:116,(anonymous_7)
FN:132,(anonymous_8)
FN:138,(anonymous_9)
FN:140,(anonymous_10)
FN:143,(anonymous_11)
FN:190,(anonymous_12)
FN:324,(anonymous_13)
FN:349,(anonymous_14)
FN:699,(anonymous_15)
FNF:16
FNH:0
FNDA:0,(anonymous_0)
FNDA:0,(anonymous_1)
FNDA:0,(anonymous_2)
FNDA:0,(anonymous_3)
FNDA:0,(anonymous_4)
FNDA:0,(anonymous_5)
FNDA:0,(anonymous_6)
FNDA:0,(anonymous_7)
FNDA:0,(anonymous_8)
FNDA:0,(anonymous_9)
FNDA:0,(anonymous_10)
FNDA:0,(anonymous_11)
FNDA:0,(anonymous_12)
FNDA:0,(anonymous_13)
FNDA:0,(anonymous_14)
FNDA:0,(anonymous_15)
DA:13,0
DA:14,0
DA:37,0
DA:38,0
DA:39,0
DA:40,0
DA:41,0
DA:42,0
DA:44,0
DA:45,0
DA:46,0
DA:49,0
DA:50,0
DA:51,0
DA:52,0
DA:53,0
DA:54,0
DA:56,0
DA:58,0
DA:61,0
DA:62,0
DA:63,0
DA:65,0
DA:66,0
DA:67,0
DA:69,0
DA:70,0
DA:71,0
DA:75,0
DA:76,0
DA:78,0
DA:79,0
DA:80,0
DA:81,0
DA:82,0
DA:83,0
DA:84,0
DA:85,0
DA:88,0
DA:104,0
DA:105,0
DA:106,0
DA:107,0
DA:108,0
DA:112,0
DA:113,0
DA:116,0
DA:117,0
DA:118,0
DA:120,0
DA:121,0
DA:123,0
DA:124,0
DA:125,0
DA:126,0
DA:127,0
DA:129,0
DA:132,0
DA:133,0
DA:138,0
DA:139,0
DA:140,0
DA:142,0
DA:143,0
DA:147,0
DA:149,0
DA:177,0
DA:178,0
DA:181,0
DA:182,0
DA:190,0
DA:199,0
DA:325,0
DA:350,0
DA:699,0
LF:75
LH:0
BRDA:45,0,0,0
BRDA:45,0,1,0
BRDA:51,1,0,0
BRDA:51,1,1,0
BRDA:78,2,0,0
BRDA:78,2,1,0
BRDA:80,3,0,0
BRDA:80,3,1,0
BRDA:81,4,0,0
BRDA:81,4,1,0
BRDA:83,5,0,0
BRDA:83,5,1,0
BRDA:84,6,0,0
BRDA:84,6,1,0
BRDA:105,7,0,0
BRDA:105,7,1,0
BRDA:107,8,0,0
BRDA:107,8,1,0
BRDA:120,9,0,0
BRDA:120,9,1,0
BRDA:124,10,0,0
BRDA:124,10,1,0
BRDA:142,11,0,0
BRDA:142,11,1,0
BRDA:177,12,0,0
BRDA:177,12,1,0
BRDA:181,13,0,0
BRDA:181,13,1,0
BRDA:208,14,0,0
BRDA:208,14,1,0
BRDA:238,15,0,0
BRDA:238,15,1,0
BRDA:241,16,0,0
BRDA:241,16,1,0
BRDA:257,17,0,0
BRDA:257,17,1,0
BRDA:260,18,0,0
BRDA:260,18,1,0
BRDA:274,19,0,0
BRDA:274,19,1,0
BRDA:277,20,0,0
BRDA:277,20,1,0
BRDA:293,21,0,0
BRDA:293,21,1,0
BRDA:296,22,0,0
BRDA:296,22,1,0
BRDA:320,23,0,0
BRDA:320,23,1,0
BRDA:330,24,0,0
BRDA:330,24,1,0
BRDA:343,25,0,0
BRDA:343,25,1,0
BRDA:348,26,0,0
BRDA:348,26,1,0
BRDA:355,27,0,0
BRDA:355,27,1,0
BRDA:413,28,0,0
BRDA:413,28,1,0
BRDA:416,29,0,0
BRDA:416,29,1,0
BRDA:430,30,0,0
BRDA:430,30,1,0
BRDA:433,31,0,0
BRDA:433,31,1,0
BRDA:450,32,0,0
BRDA:450,32,1,0
BRDA:453,33,0,0
BRDA:453,33,1,0
BRDA:469,34,0,0
BRDA:469,34,1,0
BRDA:472,35,0,0
BRDA:472,35,1,0
BRDA:499,36,0,0
BRDA:499,36,1,0
BRDA:510,37,0,0
BRDA:510,37,1,0
BRDA:526,38,0,0
BRDA:526,38,1,0
BRDA:537,39,0,0
BRDA:537,39,1,0
BRDA:553,40,0,0
BRDA:553,40,1,0
BRDA:564,41,0,0
BRDA:564,41,1,0
BRDA:580,42,0,0
BRDA:580,42,1,0
BRDA:591,43,0,0
BRDA:591,43,1,0
BRDA:607,44,0,0
BRDA:607,44,1,0
BRDA:618,45,0,0
BRDA:618,45,1,0
BRDA:642,46,0,0
BRDA:642,46,1,0
BRDA:645,47,0,0
BRDA:645,47,1,0
BRDA:662,48,0,0
BRDA:662,48,1,0
BRDA:665,49,0,0
BRDA:665,49,1,0
BRDA:682,50,0,0
BRDA:682,50,1,0
BRDA:685,51,0,0
BRDA:685,51,1,0
BRDA:708,52,0,0
BRDA:708,52,1,0
BRF:106
BRH:0
end_of_record
TN:
SF:src\pages\admin\UpdateStock.jsx
FN:12,(anonymous_0)
FN:41,(anonymous_1)
FN:54,(anonymous_2)
FN:59,(anonymous_3)
FN:60,(anonymous_4)
FN:101,(anonymous_5)
FN:102,(anonymous_6)
FN:118,(anonymous_7)
FN:132,(anonymous_8)
FN:138,(anonymous_9)
FN:176,(anonymous_10)
FN:190,(anonymous_11)
FNF:12
FNH:0
FNDA:0,(anonymous_0)
FNDA:0,(anonymous_1)
FNDA:0,(anonymous_2)
FNDA:0,(anonymous_3)
FNDA:0,(anonymous_4)
FNDA:0,(anonymous_5)
FNDA:0,(anonymous_6)
FNDA:0,(anonymous_7)
FNDA:0,(anonymous_8)
FNDA:0,(anonymous_9)
FNDA:0,(anonymous_10)
FNDA:0,(anonymous_11)
DA:12,0
DA:20,0
DA:41,0
DA:42,0
DA:54,0
DA:55,0
DA:56,0
DA:57,0
DA:58,0
DA:59,0
DA:60,0
DA:61,0
DA:62,0
DA:101,0
DA:102,0
DA:103,0
DA:104,0
DA:105,0
DA:106,0
DA:107,0
DA:109,0
DA:111,0
DA:115,0
DA:118,0
DA:119,0
DA:120,0
DA:122,0
DA:129,0
DA:132,0
DA:138,0
DA:139,0
DA:140,0
DA:142,0
DA:143,0
DA:144,0
DA:145,0
DA:146,0
DA:147,0
DA:148,0
DA:151,0
DA:153,0
DA:155,0
DA:156,0
DA:157,0
DA:159,0
DA:163,0
DA:164,0
DA:169,0
DA:176,0
DA:190,0
LF:50
LH:0
BRDA:17,0,0,0
BRDA:18,1,0,0
BRDA:26,2,0,0
BRDA:26,2,1,0
BRDA:61,3,0,0
BRDA:61,3,1,0
BRDA:122,4,0,0
BRDA:122,4,1,0
BRDA:123,5,0,0
BRDA:123,5,1,0
BRDA:123,5,2,0
BRDA:123,5,3,0
BRDA:123,5,4,0
BRDA:129,6,0,0
BRDA:129,6,1,0
BRDA:144,7,0,0
BRDA:144,7,1,0
BRDA:163,8,0,0
BRDA:163,8,1,0
BRDA:180,9,0,0
BRDA:180,9,1,0
BRDA:200,10,0,0
BRDA:200,10,1,0
BRDA:203,11,0,0
BRDA:203,11,1,0
BRDA:507,12,0,0
BRDA:507,12,1,0
BRDA:510,13,0,0
BRDA:510,13,1,0
BRDA:532,14,0,0
BRDA:532,14,1,0
BRDA:535,15,0,0
BRDA:535,15,1,0
BRF:33
BRH:0
end_of_record
TN:
SF:src\store\store.js
FNF:0
FNH:0
DA:10,0
LF:1
LH:0
BRF:0
BRH:0
end_of_record
TN:
SF:src\store\slice\errorSlice.js
FN:11,(anonymous_0)
FNF:1
FNH:0
FNDA:0,(anonymous_0)
DA:3,0
DA:7,0
DA:12,0
DA:17,0
LF:4
LH:0
BRF:0
BRH:0
end_of_record
TN:
SF:src\store\slice\loadingSlice.js
FN:11,(anonymous_0)
FNF:1
FNH:0
FNDA:0,(anonymous_0)
DA:3,0
DA:7,0
DA:12,0
DA:17,0
LF:4
LH:0
BRF:0
BRH:0
end_of_record
TN:
SF:src\store\slice\mutualFundSlice.js
FN:11,(anonymous_0)
FNF:1
FNH:0
FNDA:0,(anonymous_0)
DA:3,0
DA:7,0
DA:12,0
DA:17,0
LF:4
LH:0
BRF:0
BRH:0
end_of_record
TN:
SF:src\store\slice\searchQuerySlice.js
FN:12,(anonymous_0)
FN:15,(anonymous_1)
FNF:2
FNH:0
FNDA:0,(anonymous_0)
FNDA:0,(anonymous_1)
DA:3,0
DA:8,0
DA:13,0
DA:16,0
DA:21,0
LF:5
LH:0
BRF:0
BRH:0
end_of_record
TN:
SF:src\store\slice\stockSlice.js
FN:11,(anonymous_0)
FN:16,(anonymous_1)
FNF:2
FNH:0
FNDA:0,(anonymous_0)
FNDA:0,(anonymous_1)
DA:3,0
DA:7,0
DA:12,0
DA:13,0
DA:14,0
DA:17,0
DA:18,0
DA:24,0
LF:8
LH:0
BRF:0
BRH:0
end_of_record
TN:
SF:src\store\slice\themeSlice.js
FN:11,(anonymous_0)
FNF:1
FNH:0
FNDA:0,(anonymous_0)
DA:3,0
DA:7,0
DA:12,0
DA:13,0
DA:18,0
LF:5
LH:0
BRDA:4,0,0,0
BRDA:4,0,1,0
BRDA:12,1,0,0
BRDA:12,1,1,0
BRF:4
BRH:0
end_of_record
TN:
SF:src\store\slice\userSlice.js
FN:10,(anonymous_0)
FNF:1
FNH:0
FNDA:0,(anonymous_0)
DA:3,0
DA:6,0
DA:11,0
DA:12,0
DA:13,0
DA:14,0
DA:19,0
LF:7
LH:0
BRDA:4,0,0,0
BRDA:4,0,1,0
BRF:2
BRH:0
end_of_record
TN:
SF:src\utility\ultils.js
FN:3,(anonymous_0)
FN:8,(anonymous_1)
FN:12,(anonymous_2)
FN:14,(anonymous_3)
FNF:4
FNH:0
FNDA:0,(anonymous_0)
FNDA:0,(anonymous_1)
FNDA:0,(anonymous_2)
FNDA:0,(anonymous_3)
DA:3,0
DA:4,0
DA:5,0
DA:8,0
DA:9,0
DA:12,0
DA:13,0
DA:14,0
DA:15,0
DA:16,0
DA:21,0
LF:11
LH:0
BRDA:15,0,0,0
BRDA:15,0,1,0
BRF:2
BRH:0
end_of_record
